C:\USERS\JONATHON\DESKTOP\UNI P14141535\YEAR TWO\IMAT2902 - INTRODUCTION TO GRAPHICS AND INTERACTIVE 3D MODELLING\OPENGLEX-18\OPENGLEX-18\DEBUG\OPENGLEX-18.PCH
C:\USERS\JONATHON\DESKTOP\UNI P14141535\YEAR TWO\IMAT2902 - INTRODUCTION TO GRAPHICS AND INTERACTIVE 3D MODELLING\OPENGLEX-18\OPENGLEX-18\DEBUG\STDAFX.OBJ
C:\USERS\JONATHON\DESKTOP\UNI P14141535\YEAR TWO\IMAT2902 - INTRODUCTION TO GRAPHICS AND INTERACTIVE 3D MODELLING\OPENGLEX-18\OPENGLEX-18\DEBUG\VC110.PDB
C:\USERS\JONATHON\DESKTOP\UNI P14141535\YEAR TWO\IMAT2902 - INTRODUCTION TO GRAPHICS AND INTERACTIVE 3D MODELLING\OPENGLEX-18\OPENGLEX-18\DEBUG\CAMERA.OBJ
C:\USERS\JONATHON\DESKTOP\UNI P14141535\YEAR TWO\IMAT2902 - INTRODUCTION TO GRAPHICS AND INTERACTIVE 3D MODELLING\OPENGLEX-18\OPENGLEX-18\DEBUG\MODEL.OBJ
C:\USERS\JONATHON\DESKTOP\UNI P14141535\YEAR TWO\IMAT2902 - INTRODUCTION TO GRAPHICS AND INTERACTIVE 3D MODELLING\OPENGLEX-18\OPENGLEX-18\DEBUG\MODELREADER.OBJ
C:\USERS\JONATHON\DESKTOP\UNI P14141535\YEAR TWO\IMAT2902 - INTRODUCTION TO GRAPHICS AND INTERACTIVE 3D MODELLING\OPENGLEX-18\OPENGLEX-18\DEBUG\SCENE.OBJ
C:\USERS\JONATHON\DESKTOP\UNI P14141535\YEAR TWO\IMAT2902 - INTRODUCTION TO GRAPHICS AND INTERACTIVE 3D MODELLING\OPENGLEX-18\OPENGLEX-18\DEBUG\TEXTURELOADER.OBJ
C:\USERS\JONATHON\DESKTOP\UNI P14141535\YEAR TWO\IMAT2902 - INTRODUCTION TO GRAPHICS AND INTERACTIVE 3D MODELLING\OPENGLEX-18\OPENGLEX-18\DEBUG\OPENGLEX-18.OBJ
C:\USERS\JONATHON\DESKTOP\UNI P14141535\YEAR TWO\IMAT2902 - INTRODUCTION TO GRAPHICS AND INTERACTIVE 3D MODELLING\OPENGLEX-18\DEBUG\OPENGLEX-18.ILK
C:\USERS\JONATHON\DESKTOP\UNI P14141535\YEAR TWO\IMAT2902 - INTRODUCTION TO GRAPHICS AND INTERACTIVE 3D MODELLING\OPENGLEX-18\DEBUG\OPENGLEX-18.EXE
C:\USERS\JONATHON\DESKTOP\UNI P14141535\YEAR TWO\IMAT2902 - INTRODUCTION TO GRAPHICS AND INTERACTIVE 3D MODELLING\OPENGLEX-18\DEBUG\OPENGLEX-18.PDB
C:\Users\Jonathon\Desktop\Uni P14141535\Year Two\IMAT2902 - Introduction to Graphics and Interactive 3D Modelling\openglex-18\openglex-18\Debug\Camera.obj
C:\Users\Jonathon\Desktop\Uni P14141535\Year Two\IMAT2902 - Introduction to Graphics and Interactive 3D Modelling\openglex-18\openglex-18\Debug\Model.obj
C:\Users\Jonathon\Desktop\Uni P14141535\Year Two\IMAT2902 - Introduction to Graphics and Interactive 3D Modelling\openglex-18\openglex-18\Debug\ModelReader.obj
C:\Users\Jonathon\Desktop\Uni P14141535\Year Two\IMAT2902 - Introduction to Graphics and Interactive 3D Modelling\openglex-18\openglex-18\Debug\openglex-18.obj
C:\Users\Jonathon\Desktop\Uni P14141535\Year Two\IMAT2902 - Introduction to Graphics and Interactive 3D Modelling\openglex-18\openglex-18\Debug\Scene.obj
C:\Users\Jonathon\Desktop\Uni P14141535\Year Two\IMAT2902 - Introduction to Graphics and Interactive 3D Modelling\openglex-18\openglex-18\Debug\stdafx.obj
C:\Users\Jonathon\Desktop\Uni P14141535\Year Two\IMAT2902 - Introduction to Graphics and Interactive 3D Modelling\openglex-18\openglex-18\Debug\TextureLoader.obj
C:\Users\Jonathon\Desktop\Uni P14141535\Year Two\IMAT2902 - Introduction to Graphics and Interactive 3D Modelling\openglex-18\openglex-18\Debug\cl.command.1.tlog
C:\Users\Jonathon\Desktop\Uni P14141535\Year Two\IMAT2902 - Introduction to Graphics and Interactive 3D Modelling\openglex-18\openglex-18\Debug\CL.read.1.tlog
C:\Users\Jonathon\Desktop\Uni P14141535\Year Two\IMAT2902 - Introduction to Graphics and Interactive 3D Modelling\openglex-18\openglex-18\Debug\CL.write.1.tlog
C:\Users\Jonathon\Desktop\Uni P14141535\Year Two\IMAT2902 - Introduction to Graphics and Interactive 3D Modelling\openglex-18\openglex-18\Debug\link-cvtres.read.1.tlog
C:\Users\Jonathon\Desktop\Uni P14141535\Year Two\IMAT2902 - Introduction to Graphics and Interactive 3D Modelling\openglex-18\openglex-18\Debug\link-cvtres.write.1.tlog
C:\Users\Jonathon\Desktop\Uni P14141535\Year Two\IMAT2902 - Introduction to Graphics and Interactive 3D Modelling\openglex-18\openglex-18\Debug\link-rc.read.1.tlog
C:\Users\Jonathon\Desktop\Uni P14141535\Year Two\IMAT2902 - Introduction to Graphics and Interactive 3D Modelling\openglex-18\openglex-18\Debug\link-rc.write.1.tlog
C:\Users\Jonathon\Desktop\Uni P14141535\Year Two\IMAT2902 - Introduction to Graphics and Interactive 3D Modelling\openglex-18\openglex-18\Debug\link.10028-cvtres.read.1.tlog
C:\Users\Jonathon\Desktop\Uni P14141535\Year Two\IMAT2902 - Introduction to Graphics and Interactive 3D Modelling\openglex-18\openglex-18\Debug\link.10028-cvtres.write.1.tlog
C:\Users\Jonathon\Desktop\Uni P14141535\Year Two\IMAT2902 - Introduction to Graphics and Interactive 3D Modelling\openglex-18\openglex-18\Debug\link.10028-rc.read.1.tlog
C:\Users\Jonathon\Desktop\Uni P14141535\Year Two\IMAT2902 - Introduction to Graphics and Interactive 3D Modelling\openglex-18\openglex-18\Debug\link.10028-rc.write.1.tlog
C:\Users\Jonathon\Desktop\Uni P14141535\Year Two\IMAT2902 - Introduction to Graphics and Interactive 3D Modelling\openglex-18\openglex-18\Debug\link.10028.read.1.tlog
C:\Users\Jonathon\Desktop\Uni P14141535\Year Two\IMAT2902 - Introduction to Graphics and Interactive 3D Modelling\openglex-18\openglex-18\Debug\link.10028.read.2.tlog
C:\Users\Jonathon\Desktop\Uni P14141535\Year Two\IMAT2902 - Introduction to Graphics and Interactive 3D Modelling\openglex-18\openglex-18\Debug\link.10028.write.1.tlog
C:\Users\Jonathon\Desktop\Uni P14141535\Year Two\IMAT2902 - Introduction to Graphics and Interactive 3D Modelling\openglex-18\openglex-18\Debug\link.10032-cvtres.read.1.tlog
C:\Users\Jonathon\Desktop\Uni P14141535\Year Two\IMAT2902 - Introduction to Graphics and Interactive 3D Modelling\openglex-18\openglex-18\Debug\link.10032-cvtres.write.1.tlog
C:\Users\Jonathon\Desktop\Uni P14141535\Year Two\IMAT2902 - Introduction to Graphics and Interactive 3D Modelling\openglex-18\openglex-18\Debug\link.10032-rc.read.1.tlog
C:\Users\Jonathon\Desktop\Uni P14141535\Year Two\IMAT2902 - Introduction to Graphics and Interactive 3D Modelling\openglex-18\openglex-18\Debug\link.10032-rc.write.1.tlog
C:\Users\Jonathon\Desktop\Uni P14141535\Year Two\IMAT2902 - Introduction to Graphics and Interactive 3D Modelling\openglex-18\openglex-18\Debug\link.10032.read.1.tlog
C:\Users\Jonathon\Desktop\Uni P14141535\Year Two\IMAT2902 - Introduction to Graphics and Interactive 3D Modelling\openglex-18\openglex-18\Debug\link.10032.read.2.tlog
C:\Users\Jonathon\Desktop\Uni P14141535\Year Two\IMAT2902 - Introduction to Graphics and Interactive 3D Modelling\openglex-18\openglex-18\Debug\link.10032.write.1.tlog
C:\Users\Jonathon\Desktop\Uni P14141535\Year Two\IMAT2902 - Introduction to Graphics and Interactive 3D Modelling\openglex-18\openglex-18\Debug\link.10568-cvtres.read.1.tlog
C:\Users\Jonathon\Desktop\Uni P14141535\Year Two\IMAT2902 - Introduction to Graphics and Interactive 3D Modelling\openglex-18\openglex-18\Debug\link.10568-cvtres.write.1.tlog
C:\Users\Jonathon\Desktop\Uni P14141535\Year Two\IMAT2902 - Introduction to Graphics and Interactive 3D Modelling\openglex-18\openglex-18\Debug\link.10568-rc.read.1.tlog
C:\Users\Jonathon\Desktop\Uni P14141535\Year Two\IMAT2902 - Introduction to Graphics and Interactive 3D Modelling\openglex-18\openglex-18\Debug\link.10568-rc.write.1.tlog
C:\Users\Jonathon\Desktop\Uni P14141535\Year Two\IMAT2902 - Introduction to Graphics and Interactive 3D Modelling\openglex-18\openglex-18\Debug\link.10568.read.1.tlog
C:\Users\Jonathon\Desktop\Uni P14141535\Year Two\IMAT2902 - Introduction to Graphics and Interactive 3D Modelling\openglex-18\openglex-18\Debug\link.10568.read.2.tlog
C:\Users\Jonathon\Desktop\Uni P14141535\Year Two\IMAT2902 - Introduction to Graphics and Interactive 3D Modelling\openglex-18\openglex-18\Debug\link.10568.write.1.tlog
C:\Users\Jonathon\Desktop\Uni P14141535\Year Two\IMAT2902 - Introduction to Graphics and Interactive 3D Modelling\openglex-18\openglex-18\Debug\link.10600-cvtres.read.1.tlog
C:\Users\Jonathon\Desktop\Uni P14141535\Year Two\IMAT2902 - Introduction to Graphics and Interactive 3D Modelling\openglex-18\openglex-18\Debug\link.10600-cvtres.write.1.tlog
C:\Users\Jonathon\Desktop\Uni P14141535\Year Two\IMAT2902 - Introduction to Graphics and Interactive 3D Modelling\openglex-18\openglex-18\Debug\link.10600-rc.read.1.tlog
C:\Users\Jonathon\Desktop\Uni P14141535\Year Two\IMAT2902 - Introduction to Graphics and Interactive 3D Modelling\openglex-18\openglex-18\Debug\link.10600-rc.write.1.tlog
C:\Users\Jonathon\Desktop\Uni P14141535\Year Two\IMAT2902 - Introduction to Graphics and Interactive 3D Modelling\openglex-18\openglex-18\Debug\link.10600.read.1.tlog
C:\Users\Jonathon\Desktop\Uni P14141535\Year Two\IMAT2902 - Introduction to Graphics and Interactive 3D Modelling\openglex-18\openglex-18\Debug\link.10600.read.2.tlog
C:\Users\Jonathon\Desktop\Uni P14141535\Year Two\IMAT2902 - Introduction to Graphics and Interactive 3D Modelling\openglex-18\openglex-18\Debug\link.10600.write.1.tlog
C:\Users\Jonathon\Desktop\Uni P14141535\Year Two\IMAT2902 - Introduction to Graphics and Interactive 3D Modelling\openglex-18\openglex-18\Debug\link.10796-cvtres.read.1.tlog
C:\Users\Jonathon\Desktop\Uni P14141535\Year Two\IMAT2902 - Introduction to Graphics and Interactive 3D Modelling\openglex-18\openglex-18\Debug\link.10796-cvtres.write.1.tlog
C:\Users\Jonathon\Desktop\Uni P14141535\Year Two\IMAT2902 - Introduction to Graphics and Interactive 3D Modelling\openglex-18\openglex-18\Debug\link.10796-rc.read.1.tlog
C:\Users\Jonathon\Desktop\Uni P14141535\Year Two\IMAT2902 - Introduction to Graphics and Interactive 3D Modelling\openglex-18\openglex-18\Debug\link.10796-rc.write.1.tlog
C:\Users\Jonathon\Desktop\Uni P14141535\Year Two\IMAT2902 - Introduction to Graphics and Interactive 3D Modelling\openglex-18\openglex-18\Debug\link.10796.read.1.tlog
C:\Users\Jonathon\Desktop\Uni P14141535\Year Two\IMAT2902 - Introduction to Graphics and Interactive 3D Modelling\openglex-18\openglex-18\Debug\link.10796.read.2.tlog
C:\Users\Jonathon\Desktop\Uni P14141535\Year Two\IMAT2902 - Introduction to Graphics and Interactive 3D Modelling\openglex-18\openglex-18\Debug\link.10796.write.1.tlog
C:\Users\Jonathon\Desktop\Uni P14141535\Year Two\IMAT2902 - Introduction to Graphics and Interactive 3D Modelling\openglex-18\openglex-18\Debug\link.10936-cvtres.read.1.tlog
C:\Users\Jonathon\Desktop\Uni P14141535\Year Two\IMAT2902 - Introduction to Graphics and Interactive 3D Modelling\openglex-18\openglex-18\Debug\link.10936-cvtres.write.1.tlog
C:\Users\Jonathon\Desktop\Uni P14141535\Year Two\IMAT2902 - Introduction to Graphics and Interactive 3D Modelling\openglex-18\openglex-18\Debug\link.10936-rc.read.1.tlog
C:\Users\Jonathon\Desktop\Uni P14141535\Year Two\IMAT2902 - Introduction to Graphics and Interactive 3D Modelling\openglex-18\openglex-18\Debug\link.10936-rc.write.1.tlog
C:\Users\Jonathon\Desktop\Uni P14141535\Year Two\IMAT2902 - Introduction to Graphics and Interactive 3D Modelling\openglex-18\openglex-18\Debug\link.10936.read.1.tlog
C:\Users\Jonathon\Desktop\Uni P14141535\Year Two\IMAT2902 - Introduction to Graphics and Interactive 3D Modelling\openglex-18\openglex-18\Debug\link.10936.read.2.tlog
C:\Users\Jonathon\Desktop\Uni P14141535\Year Two\IMAT2902 - Introduction to Graphics and Interactive 3D Modelling\openglex-18\openglex-18\Debug\link.10936.write.1.tlog
C:\Users\Jonathon\Desktop\Uni P14141535\Year Two\IMAT2902 - Introduction to Graphics and Interactive 3D Modelling\openglex-18\openglex-18\Debug\link.11260-cvtres.read.1.tlog
C:\Users\Jonathon\Desktop\Uni P14141535\Year Two\IMAT2902 - Introduction to Graphics and Interactive 3D Modelling\openglex-18\openglex-18\Debug\link.11260-cvtres.write.1.tlog
C:\Users\Jonathon\Desktop\Uni P14141535\Year Two\IMAT2902 - Introduction to Graphics and Interactive 3D Modelling\openglex-18\openglex-18\Debug\link.11260-rc.read.1.tlog
C:\Users\Jonathon\Desktop\Uni P14141535\Year Two\IMAT2902 - Introduction to Graphics and Interactive 3D Modelling\openglex-18\openglex-18\Debug\link.11260-rc.write.1.tlog
C:\Users\Jonathon\Desktop\Uni P14141535\Year Two\IMAT2902 - Introduction to Graphics and Interactive 3D Modelling\openglex-18\openglex-18\Debug\link.11260.read.1.tlog
C:\Users\Jonathon\Desktop\Uni P14141535\Year Two\IMAT2902 - Introduction to Graphics and Interactive 3D Modelling\openglex-18\openglex-18\Debug\link.11260.read.2.tlog
C:\Users\Jonathon\Desktop\Uni P14141535\Year Two\IMAT2902 - Introduction to Graphics and Interactive 3D Modelling\openglex-18\openglex-18\Debug\link.11260.write.1.tlog
C:\Users\Jonathon\Desktop\Uni P14141535\Year Two\IMAT2902 - Introduction to Graphics and Interactive 3D Modelling\openglex-18\openglex-18\Debug\link.1656-cvtres.read.1.tlog
C:\Users\Jonathon\Desktop\Uni P14141535\Year Two\IMAT2902 - Introduction to Graphics and Interactive 3D Modelling\openglex-18\openglex-18\Debug\link.1656-cvtres.write.1.tlog
C:\Users\Jonathon\Desktop\Uni P14141535\Year Two\IMAT2902 - Introduction to Graphics and Interactive 3D Modelling\openglex-18\openglex-18\Debug\link.1656-rc.read.1.tlog
C:\Users\Jonathon\Desktop\Uni P14141535\Year Two\IMAT2902 - Introduction to Graphics and Interactive 3D Modelling\openglex-18\openglex-18\Debug\link.1656-rc.write.1.tlog
C:\Users\Jonathon\Desktop\Uni P14141535\Year Two\IMAT2902 - Introduction to Graphics and Interactive 3D Modelling\openglex-18\openglex-18\Debug\link.1656.read.1.tlog
C:\Users\Jonathon\Desktop\Uni P14141535\Year Two\IMAT2902 - Introduction to Graphics and Interactive 3D Modelling\openglex-18\openglex-18\Debug\link.1656.read.3.tlog
C:\Users\Jonathon\Desktop\Uni P14141535\Year Two\IMAT2902 - Introduction to Graphics and Interactive 3D Modelling\openglex-18\openglex-18\Debug\link.1656.write.1.tlog
C:\Users\Jonathon\Desktop\Uni P14141535\Year Two\IMAT2902 - Introduction to Graphics and Interactive 3D Modelling\openglex-18\openglex-18\Debug\link.2408-cvtres.read.1.tlog
C:\Users\Jonathon\Desktop\Uni P14141535\Year Two\IMAT2902 - Introduction to Graphics and Interactive 3D Modelling\openglex-18\openglex-18\Debug\link.2408-cvtres.write.1.tlog
C:\Users\Jonathon\Desktop\Uni P14141535\Year Two\IMAT2902 - Introduction to Graphics and Interactive 3D Modelling\openglex-18\openglex-18\Debug\link.2408-rc.read.1.tlog
C:\Users\Jonathon\Desktop\Uni P14141535\Year Two\IMAT2902 - Introduction to Graphics and Interactive 3D Modelling\openglex-18\openglex-18\Debug\link.2408-rc.write.1.tlog
C:\Users\Jonathon\Desktop\Uni P14141535\Year Two\IMAT2902 - Introduction to Graphics and Interactive 3D Modelling\openglex-18\openglex-18\Debug\link.2408.read.1.tlog
C:\Users\Jonathon\Desktop\Uni P14141535\Year Two\IMAT2902 - Introduction to Graphics and Interactive 3D Modelling\openglex-18\openglex-18\Debug\link.2408.read.2.tlog
C:\Users\Jonathon\Desktop\Uni P14141535\Year Two\IMAT2902 - Introduction to Graphics and Interactive 3D Modelling\openglex-18\openglex-18\Debug\link.2408.write.1.tlog
C:\Users\Jonathon\Desktop\Uni P14141535\Year Two\IMAT2902 - Introduction to Graphics and Interactive 3D Modelling\openglex-18\openglex-18\Debug\link.2880-cvtres.read.1.tlog
C:\Users\Jonathon\Desktop\Uni P14141535\Year Two\IMAT2902 - Introduction to Graphics and Interactive 3D Modelling\openglex-18\openglex-18\Debug\link.2880-cvtres.write.1.tlog
C:\Users\Jonathon\Desktop\Uni P14141535\Year Two\IMAT2902 - Introduction to Graphics and Interactive 3D Modelling\openglex-18\openglex-18\Debug\link.2880-rc.read.1.tlog
C:\Users\Jonathon\Desktop\Uni P14141535\Year Two\IMAT2902 - Introduction to Graphics and Interactive 3D Modelling\openglex-18\openglex-18\Debug\link.2880-rc.write.1.tlog
C:\Users\Jonathon\Desktop\Uni P14141535\Year Two\IMAT2902 - Introduction to Graphics and Interactive 3D Modelling\openglex-18\openglex-18\Debug\link.2880.read.1.tlog
C:\Users\Jonathon\Desktop\Uni P14141535\Year Two\IMAT2902 - Introduction to Graphics and Interactive 3D Modelling\openglex-18\openglex-18\Debug\link.2880.read.2.tlog
C:\Users\Jonathon\Desktop\Uni P14141535\Year Two\IMAT2902 - Introduction to Graphics and Interactive 3D Modelling\openglex-18\openglex-18\Debug\link.2880.write.1.tlog
C:\Users\Jonathon\Desktop\Uni P14141535\Year Two\IMAT2902 - Introduction to Graphics and Interactive 3D Modelling\openglex-18\openglex-18\Debug\link.2908-cvtres.read.1.tlog
C:\Users\Jonathon\Desktop\Uni P14141535\Year Two\IMAT2902 - Introduction to Graphics and Interactive 3D Modelling\openglex-18\openglex-18\Debug\link.2908-cvtres.write.1.tlog
C:\Users\Jonathon\Desktop\Uni P14141535\Year Two\IMAT2902 - Introduction to Graphics and Interactive 3D Modelling\openglex-18\openglex-18\Debug\link.2908-rc.read.1.tlog
C:\Users\Jonathon\Desktop\Uni P14141535\Year Two\IMAT2902 - Introduction to Graphics and Interactive 3D Modelling\openglex-18\openglex-18\Debug\link.2908-rc.write.1.tlog
C:\Users\Jonathon\Desktop\Uni P14141535\Year Two\IMAT2902 - Introduction to Graphics and Interactive 3D Modelling\openglex-18\openglex-18\Debug\link.2908.read.1.tlog
C:\Users\Jonathon\Desktop\Uni P14141535\Year Two\IMAT2902 - Introduction to Graphics and Interactive 3D Modelling\openglex-18\openglex-18\Debug\link.2908.read.2.tlog
C:\Users\Jonathon\Desktop\Uni P14141535\Year Two\IMAT2902 - Introduction to Graphics and Interactive 3D Modelling\openglex-18\openglex-18\Debug\link.2908.write.1.tlog
C:\Users\Jonathon\Desktop\Uni P14141535\Year Two\IMAT2902 - Introduction to Graphics and Interactive 3D Modelling\openglex-18\openglex-18\Debug\link.2964-cvtres.read.1.tlog
C:\Users\Jonathon\Desktop\Uni P14141535\Year Two\IMAT2902 - Introduction to Graphics and Interactive 3D Modelling\openglex-18\openglex-18\Debug\link.2964-cvtres.write.1.tlog
C:\Users\Jonathon\Desktop\Uni P14141535\Year Two\IMAT2902 - Introduction to Graphics and Interactive 3D Modelling\openglex-18\openglex-18\Debug\link.2964-rc.read.1.tlog
C:\Users\Jonathon\Desktop\Uni P14141535\Year Two\IMAT2902 - Introduction to Graphics and Interactive 3D Modelling\openglex-18\openglex-18\Debug\link.2964-rc.write.1.tlog
C:\Users\Jonathon\Desktop\Uni P14141535\Year Two\IMAT2902 - Introduction to Graphics and Interactive 3D Modelling\openglex-18\openglex-18\Debug\link.2964.read.1.tlog
C:\Users\Jonathon\Desktop\Uni P14141535\Year Two\IMAT2902 - Introduction to Graphics and Interactive 3D Modelling\openglex-18\openglex-18\Debug\link.2964.read.3.tlog
C:\Users\Jonathon\Desktop\Uni P14141535\Year Two\IMAT2902 - Introduction to Graphics and Interactive 3D Modelling\openglex-18\openglex-18\Debug\link.2964.write.1.tlog
C:\Users\Jonathon\Desktop\Uni P14141535\Year Two\IMAT2902 - Introduction to Graphics and Interactive 3D Modelling\openglex-18\openglex-18\Debug\link.3372-cvtres.read.1.tlog
C:\Users\Jonathon\Desktop\Uni P14141535\Year Two\IMAT2902 - Introduction to Graphics and Interactive 3D Modelling\openglex-18\openglex-18\Debug\link.3372-cvtres.write.1.tlog
C:\Users\Jonathon\Desktop\Uni P14141535\Year Two\IMAT2902 - Introduction to Graphics and Interactive 3D Modelling\openglex-18\openglex-18\Debug\link.3372-rc.read.1.tlog
C:\Users\Jonathon\Desktop\Uni P14141535\Year Two\IMAT2902 - Introduction to Graphics and Interactive 3D Modelling\openglex-18\openglex-18\Debug\link.3372-rc.write.1.tlog
C:\Users\Jonathon\Desktop\Uni P14141535\Year Two\IMAT2902 - Introduction to Graphics and Interactive 3D Modelling\openglex-18\openglex-18\Debug\link.3372.read.1.tlog
C:\Users\Jonathon\Desktop\Uni P14141535\Year Two\IMAT2902 - Introduction to Graphics and Interactive 3D Modelling\openglex-18\openglex-18\Debug\link.3372.read.2.tlog
C:\Users\Jonathon\Desktop\Uni P14141535\Year Two\IMAT2902 - Introduction to Graphics and Interactive 3D Modelling\openglex-18\openglex-18\Debug\link.3372.write.1.tlog
C:\Users\Jonathon\Desktop\Uni P14141535\Year Two\IMAT2902 - Introduction to Graphics and Interactive 3D Modelling\openglex-18\openglex-18\Debug\link.3676-cvtres.read.1.tlog
C:\Users\Jonathon\Desktop\Uni P14141535\Year Two\IMAT2902 - Introduction to Graphics and Interactive 3D Modelling\openglex-18\openglex-18\Debug\link.3676-cvtres.write.1.tlog
C:\Users\Jonathon\Desktop\Uni P14141535\Year Two\IMAT2902 - Introduction to Graphics and Interactive 3D Modelling\openglex-18\openglex-18\Debug\link.3676-rc.read.1.tlog
C:\Users\Jonathon\Desktop\Uni P14141535\Year Two\IMAT2902 - Introduction to Graphics and Interactive 3D Modelling\openglex-18\openglex-18\Debug\link.3676-rc.write.1.tlog
C:\Users\Jonathon\Desktop\Uni P14141535\Year Two\IMAT2902 - Introduction to Graphics and Interactive 3D Modelling\openglex-18\openglex-18\Debug\link.3676.read.1.tlog
C:\Users\Jonathon\Desktop\Uni P14141535\Year Two\IMAT2902 - Introduction to Graphics and Interactive 3D Modelling\openglex-18\openglex-18\Debug\link.3676.read.3.tlog
C:\Users\Jonathon\Desktop\Uni P14141535\Year Two\IMAT2902 - Introduction to Graphics and Interactive 3D Modelling\openglex-18\openglex-18\Debug\link.3676.write.1.tlog
C:\Users\Jonathon\Desktop\Uni P14141535\Year Two\IMAT2902 - Introduction to Graphics and Interactive 3D Modelling\openglex-18\openglex-18\Debug\link.3868-cvtres.read.1.tlog
C:\Users\Jonathon\Desktop\Uni P14141535\Year Two\IMAT2902 - Introduction to Graphics and Interactive 3D Modelling\openglex-18\openglex-18\Debug\link.3868-cvtres.write.1.tlog
C:\Users\Jonathon\Desktop\Uni P14141535\Year Two\IMAT2902 - Introduction to Graphics and Interactive 3D Modelling\openglex-18\openglex-18\Debug\link.3868-rc.read.1.tlog
C:\Users\Jonathon\Desktop\Uni P14141535\Year Two\IMAT2902 - Introduction to Graphics and Interactive 3D Modelling\openglex-18\openglex-18\Debug\link.3868-rc.write.1.tlog
C:\Users\Jonathon\Desktop\Uni P14141535\Year Two\IMAT2902 - Introduction to Graphics and Interactive 3D Modelling\openglex-18\openglex-18\Debug\link.3868.read.1.tlog
C:\Users\Jonathon\Desktop\Uni P14141535\Year Two\IMAT2902 - Introduction to Graphics and Interactive 3D Modelling\openglex-18\openglex-18\Debug\link.3868.read.2.tlog
C:\Users\Jonathon\Desktop\Uni P14141535\Year Two\IMAT2902 - Introduction to Graphics and Interactive 3D Modelling\openglex-18\openglex-18\Debug\link.3868.write.1.tlog
C:\Users\Jonathon\Desktop\Uni P14141535\Year Two\IMAT2902 - Introduction to Graphics and Interactive 3D Modelling\openglex-18\openglex-18\Debug\link.3876-cvtres.read.1.tlog
C:\Users\Jonathon\Desktop\Uni P14141535\Year Two\IMAT2902 - Introduction to Graphics and Interactive 3D Modelling\openglex-18\openglex-18\Debug\link.3876-cvtres.write.1.tlog
C:\Users\Jonathon\Desktop\Uni P14141535\Year Two\IMAT2902 - Introduction to Graphics and Interactive 3D Modelling\openglex-18\openglex-18\Debug\link.3876-rc.read.1.tlog
C:\Users\Jonathon\Desktop\Uni P14141535\Year Two\IMAT2902 - Introduction to Graphics and Interactive 3D Modelling\openglex-18\openglex-18\Debug\link.3876-rc.write.1.tlog
C:\Users\Jonathon\Desktop\Uni P14141535\Year Two\IMAT2902 - Introduction to Graphics and Interactive 3D Modelling\openglex-18\openglex-18\Debug\link.3876.read.1.tlog
C:\Users\Jonathon\Desktop\Uni P14141535\Year Two\IMAT2902 - Introduction to Graphics and Interactive 3D Modelling\openglex-18\openglex-18\Debug\link.3876.read.2.tlog
C:\Users\Jonathon\Desktop\Uni P14141535\Year Two\IMAT2902 - Introduction to Graphics and Interactive 3D Modelling\openglex-18\openglex-18\Debug\link.3876.write.1.tlog
C:\Users\Jonathon\Desktop\Uni P14141535\Year Two\IMAT2902 - Introduction to Graphics and Interactive 3D Modelling\openglex-18\openglex-18\Debug\link.3980-cvtres.read.1.tlog
C:\Users\Jonathon\Desktop\Uni P14141535\Year Two\IMAT2902 - Introduction to Graphics and Interactive 3D Modelling\openglex-18\openglex-18\Debug\link.3980-cvtres.write.1.tlog
C:\Users\Jonathon\Desktop\Uni P14141535\Year Two\IMAT2902 - Introduction to Graphics and Interactive 3D Modelling\openglex-18\openglex-18\Debug\link.3980-rc.read.1.tlog
C:\Users\Jonathon\Desktop\Uni P14141535\Year Two\IMAT2902 - Introduction to Graphics and Interactive 3D Modelling\openglex-18\openglex-18\Debug\link.3980-rc.write.1.tlog
C:\Users\Jonathon\Desktop\Uni P14141535\Year Two\IMAT2902 - Introduction to Graphics and Interactive 3D Modelling\openglex-18\openglex-18\Debug\link.3980.read.1.tlog
C:\Users\Jonathon\Desktop\Uni P14141535\Year Two\IMAT2902 - Introduction to Graphics and Interactive 3D Modelling\openglex-18\openglex-18\Debug\link.3980.read.3.tlog
C:\Users\Jonathon\Desktop\Uni P14141535\Year Two\IMAT2902 - Introduction to Graphics and Interactive 3D Modelling\openglex-18\openglex-18\Debug\link.3980.write.1.tlog
C:\Users\Jonathon\Desktop\Uni P14141535\Year Two\IMAT2902 - Introduction to Graphics and Interactive 3D Modelling\openglex-18\openglex-18\Debug\link.4632-cvtres.read.1.tlog
C:\Users\Jonathon\Desktop\Uni P14141535\Year Two\IMAT2902 - Introduction to Graphics and Interactive 3D Modelling\openglex-18\openglex-18\Debug\link.4632-cvtres.write.1.tlog
C:\Users\Jonathon\Desktop\Uni P14141535\Year Two\IMAT2902 - Introduction to Graphics and Interactive 3D Modelling\openglex-18\openglex-18\Debug\link.4632-rc.read.1.tlog
C:\Users\Jonathon\Desktop\Uni P14141535\Year Two\IMAT2902 - Introduction to Graphics and Interactive 3D Modelling\openglex-18\openglex-18\Debug\link.4632-rc.write.1.tlog
C:\Users\Jonathon\Desktop\Uni P14141535\Year Two\IMAT2902 - Introduction to Graphics and Interactive 3D Modelling\openglex-18\openglex-18\Debug\link.4632.read.1.tlog
C:\Users\Jonathon\Desktop\Uni P14141535\Year Two\IMAT2902 - Introduction to Graphics and Interactive 3D Modelling\openglex-18\openglex-18\Debug\link.4632.read.3.tlog
C:\Users\Jonathon\Desktop\Uni P14141535\Year Two\IMAT2902 - Introduction to Graphics and Interactive 3D Modelling\openglex-18\openglex-18\Debug\link.4632.write.1.tlog
C:\Users\Jonathon\Desktop\Uni P14141535\Year Two\IMAT2902 - Introduction to Graphics and Interactive 3D Modelling\openglex-18\openglex-18\Debug\link.4716-cvtres.read.1.tlog
C:\Users\Jonathon\Desktop\Uni P14141535\Year Two\IMAT2902 - Introduction to Graphics and Interactive 3D Modelling\openglex-18\openglex-18\Debug\link.4716-cvtres.write.1.tlog
C:\Users\Jonathon\Desktop\Uni P14141535\Year Two\IMAT2902 - Introduction to Graphics and Interactive 3D Modelling\openglex-18\openglex-18\Debug\link.4716-rc.read.1.tlog
C:\Users\Jonathon\Desktop\Uni P14141535\Year Two\IMAT2902 - Introduction to Graphics and Interactive 3D Modelling\openglex-18\openglex-18\Debug\link.4716-rc.write.1.tlog
C:\Users\Jonathon\Desktop\Uni P14141535\Year Two\IMAT2902 - Introduction to Graphics and Interactive 3D Modelling\openglex-18\openglex-18\Debug\link.4716.read.1.tlog
C:\Users\Jonathon\Desktop\Uni P14141535\Year Two\IMAT2902 - Introduction to Graphics and Interactive 3D Modelling\openglex-18\openglex-18\Debug\link.4716.read.2.tlog
C:\Users\Jonathon\Desktop\Uni P14141535\Year Two\IMAT2902 - Introduction to Graphics and Interactive 3D Modelling\openglex-18\openglex-18\Debug\link.4716.write.1.tlog
C:\Users\Jonathon\Desktop\Uni P14141535\Year Two\IMAT2902 - Introduction to Graphics and Interactive 3D Modelling\openglex-18\openglex-18\Debug\link.4860-cvtres.read.1.tlog
C:\Users\Jonathon\Desktop\Uni P14141535\Year Two\IMAT2902 - Introduction to Graphics and Interactive 3D Modelling\openglex-18\openglex-18\Debug\link.4860-cvtres.write.1.tlog
C:\Users\Jonathon\Desktop\Uni P14141535\Year Two\IMAT2902 - Introduction to Graphics and Interactive 3D Modelling\openglex-18\openglex-18\Debug\link.4860-rc.read.1.tlog
C:\Users\Jonathon\Desktop\Uni P14141535\Year Two\IMAT2902 - Introduction to Graphics and Interactive 3D Modelling\openglex-18\openglex-18\Debug\link.4860-rc.write.1.tlog
C:\Users\Jonathon\Desktop\Uni P14141535\Year Two\IMAT2902 - Introduction to Graphics and Interactive 3D Modelling\openglex-18\openglex-18\Debug\link.4860.read.1.tlog
C:\Users\Jonathon\Desktop\Uni P14141535\Year Two\IMAT2902 - Introduction to Graphics and Interactive 3D Modelling\openglex-18\openglex-18\Debug\link.4860.read.2.tlog
C:\Users\Jonathon\Desktop\Uni P14141535\Year Two\IMAT2902 - Introduction to Graphics and Interactive 3D Modelling\openglex-18\openglex-18\Debug\link.4860.write.1.tlog
C:\Users\Jonathon\Desktop\Uni P14141535\Year Two\IMAT2902 - Introduction to Graphics and Interactive 3D Modelling\openglex-18\openglex-18\Debug\link.5024-cvtres.read.1.tlog
C:\Users\Jonathon\Desktop\Uni P14141535\Year Two\IMAT2902 - Introduction to Graphics and Interactive 3D Modelling\openglex-18\openglex-18\Debug\link.5024-cvtres.write.1.tlog
C:\Users\Jonathon\Desktop\Uni P14141535\Year Two\IMAT2902 - Introduction to Graphics and Interactive 3D Modelling\openglex-18\openglex-18\Debug\link.5024-rc.read.1.tlog
C:\Users\Jonathon\Desktop\Uni P14141535\Year Two\IMAT2902 - Introduction to Graphics and Interactive 3D Modelling\openglex-18\openglex-18\Debug\link.5024-rc.write.1.tlog
C:\Users\Jonathon\Desktop\Uni P14141535\Year Two\IMAT2902 - Introduction to Graphics and Interactive 3D Modelling\openglex-18\openglex-18\Debug\link.5024.read.1.tlog
C:\Users\Jonathon\Desktop\Uni P14141535\Year Two\IMAT2902 - Introduction to Graphics and Interactive 3D Modelling\openglex-18\openglex-18\Debug\link.5024.read.3.tlog
C:\Users\Jonathon\Desktop\Uni P14141535\Year Two\IMAT2902 - Introduction to Graphics and Interactive 3D Modelling\openglex-18\openglex-18\Debug\link.5024.write.1.tlog
C:\Users\Jonathon\Desktop\Uni P14141535\Year Two\IMAT2902 - Introduction to Graphics and Interactive 3D Modelling\openglex-18\openglex-18\Debug\link.5080-cvtres.read.1.tlog
C:\Users\Jonathon\Desktop\Uni P14141535\Year Two\IMAT2902 - Introduction to Graphics and Interactive 3D Modelling\openglex-18\openglex-18\Debug\link.5080-cvtres.write.1.tlog
C:\Users\Jonathon\Desktop\Uni P14141535\Year Two\IMAT2902 - Introduction to Graphics and Interactive 3D Modelling\openglex-18\openglex-18\Debug\link.5080-rc.read.1.tlog
C:\Users\Jonathon\Desktop\Uni P14141535\Year Two\IMAT2902 - Introduction to Graphics and Interactive 3D Modelling\openglex-18\openglex-18\Debug\link.5080-rc.write.1.tlog
C:\Users\Jonathon\Desktop\Uni P14141535\Year Two\IMAT2902 - Introduction to Graphics and Interactive 3D Modelling\openglex-18\openglex-18\Debug\link.5080.read.1.tlog
C:\Users\Jonathon\Desktop\Uni P14141535\Year Two\IMAT2902 - Introduction to Graphics and Interactive 3D Modelling\openglex-18\openglex-18\Debug\link.5080.read.2.tlog
C:\Users\Jonathon\Desktop\Uni P14141535\Year Two\IMAT2902 - Introduction to Graphics and Interactive 3D Modelling\openglex-18\openglex-18\Debug\link.5080.write.1.tlog
C:\Users\Jonathon\Desktop\Uni P14141535\Year Two\IMAT2902 - Introduction to Graphics and Interactive 3D Modelling\openglex-18\openglex-18\Debug\link.5092-cvtres.read.1.tlog
C:\Users\Jonathon\Desktop\Uni P14141535\Year Two\IMAT2902 - Introduction to Graphics and Interactive 3D Modelling\openglex-18\openglex-18\Debug\link.5092-cvtres.write.1.tlog
C:\Users\Jonathon\Desktop\Uni P14141535\Year Two\IMAT2902 - Introduction to Graphics and Interactive 3D Modelling\openglex-18\openglex-18\Debug\link.5092-rc.read.1.tlog
C:\Users\Jonathon\Desktop\Uni P14141535\Year Two\IMAT2902 - Introduction to Graphics and Interactive 3D Modelling\openglex-18\openglex-18\Debug\link.5092-rc.write.1.tlog
C:\Users\Jonathon\Desktop\Uni P14141535\Year Two\IMAT2902 - Introduction to Graphics and Interactive 3D Modelling\openglex-18\openglex-18\Debug\link.5092.read.1.tlog
C:\Users\Jonathon\Desktop\Uni P14141535\Year Two\IMAT2902 - Introduction to Graphics and Interactive 3D Modelling\openglex-18\openglex-18\Debug\link.5092.read.2.tlog
C:\Users\Jonathon\Desktop\Uni P14141535\Year Two\IMAT2902 - Introduction to Graphics and Interactive 3D Modelling\openglex-18\openglex-18\Debug\link.5092.write.1.tlog
C:\Users\Jonathon\Desktop\Uni P14141535\Year Two\IMAT2902 - Introduction to Graphics and Interactive 3D Modelling\openglex-18\openglex-18\Debug\link.5220-cvtres.read.1.tlog
C:\Users\Jonathon\Desktop\Uni P14141535\Year Two\IMAT2902 - Introduction to Graphics and Interactive 3D Modelling\openglex-18\openglex-18\Debug\link.5220-cvtres.write.1.tlog
C:\Users\Jonathon\Desktop\Uni P14141535\Year Two\IMAT2902 - Introduction to Graphics and Interactive 3D Modelling\openglex-18\openglex-18\Debug\link.5220-rc.read.1.tlog
C:\Users\Jonathon\Desktop\Uni P14141535\Year Two\IMAT2902 - Introduction to Graphics and Interactive 3D Modelling\openglex-18\openglex-18\Debug\link.5220-rc.write.1.tlog
C:\Users\Jonathon\Desktop\Uni P14141535\Year Two\IMAT2902 - Introduction to Graphics and Interactive 3D Modelling\openglex-18\openglex-18\Debug\link.5220.read.1.tlog
C:\Users\Jonathon\Desktop\Uni P14141535\Year Two\IMAT2902 - Introduction to Graphics and Interactive 3D Modelling\openglex-18\openglex-18\Debug\link.5220.read.2.tlog
C:\Users\Jonathon\Desktop\Uni P14141535\Year Two\IMAT2902 - Introduction to Graphics and Interactive 3D Modelling\openglex-18\openglex-18\Debug\link.5220.write.1.tlog
C:\Users\Jonathon\Desktop\Uni P14141535\Year Two\IMAT2902 - Introduction to Graphics and Interactive 3D Modelling\openglex-18\openglex-18\Debug\link.5276-cvtres.read.1.tlog
C:\Users\Jonathon\Desktop\Uni P14141535\Year Two\IMAT2902 - Introduction to Graphics and Interactive 3D Modelling\openglex-18\openglex-18\Debug\link.5276-cvtres.write.1.tlog
C:\Users\Jonathon\Desktop\Uni P14141535\Year Two\IMAT2902 - Introduction to Graphics and Interactive 3D Modelling\openglex-18\openglex-18\Debug\link.5276-rc.read.1.tlog
C:\Users\Jonathon\Desktop\Uni P14141535\Year Two\IMAT2902 - Introduction to Graphics and Interactive 3D Modelling\openglex-18\openglex-18\Debug\link.5276-rc.write.1.tlog
C:\Users\Jonathon\Desktop\Uni P14141535\Year Two\IMAT2902 - Introduction to Graphics and Interactive 3D Modelling\openglex-18\openglex-18\Debug\link.5276.read.1.tlog
C:\Users\Jonathon\Desktop\Uni P14141535\Year Two\IMAT2902 - Introduction to Graphics and Interactive 3D Modelling\openglex-18\openglex-18\Debug\link.5276.read.2.tlog
C:\Users\Jonathon\Desktop\Uni P14141535\Year Two\IMAT2902 - Introduction to Graphics and Interactive 3D Modelling\openglex-18\openglex-18\Debug\link.5276.write.1.tlog
C:\Users\Jonathon\Desktop\Uni P14141535\Year Two\IMAT2902 - Introduction to Graphics and Interactive 3D Modelling\openglex-18\openglex-18\Debug\link.5540-cvtres.read.1.tlog
C:\Users\Jonathon\Desktop\Uni P14141535\Year Two\IMAT2902 - Introduction to Graphics and Interactive 3D Modelling\openglex-18\openglex-18\Debug\link.5540-cvtres.write.1.tlog
C:\Users\Jonathon\Desktop\Uni P14141535\Year Two\IMAT2902 - Introduction to Graphics and Interactive 3D Modelling\openglex-18\openglex-18\Debug\link.5540-rc.read.1.tlog
C:\Users\Jonathon\Desktop\Uni P14141535\Year Two\IMAT2902 - Introduction to Graphics and Interactive 3D Modelling\openglex-18\openglex-18\Debug\link.5540-rc.write.1.tlog
C:\Users\Jonathon\Desktop\Uni P14141535\Year Two\IMAT2902 - Introduction to Graphics and Interactive 3D Modelling\openglex-18\openglex-18\Debug\link.5540.read.1.tlog
C:\Users\Jonathon\Desktop\Uni P14141535\Year Two\IMAT2902 - Introduction to Graphics and Interactive 3D Modelling\openglex-18\openglex-18\Debug\link.5540.read.3.tlog
C:\Users\Jonathon\Desktop\Uni P14141535\Year Two\IMAT2902 - Introduction to Graphics and Interactive 3D Modelling\openglex-18\openglex-18\Debug\link.5540.write.1.tlog
C:\Users\Jonathon\Desktop\Uni P14141535\Year Two\IMAT2902 - Introduction to Graphics and Interactive 3D Modelling\openglex-18\openglex-18\Debug\link.5628-cvtres.read.1.tlog
C:\Users\Jonathon\Desktop\Uni P14141535\Year Two\IMAT2902 - Introduction to Graphics and Interactive 3D Modelling\openglex-18\openglex-18\Debug\link.5628-cvtres.write.1.tlog
C:\Users\Jonathon\Desktop\Uni P14141535\Year Two\IMAT2902 - Introduction to Graphics and Interactive 3D Modelling\openglex-18\openglex-18\Debug\link.5628-rc.read.1.tlog
C:\Users\Jonathon\Desktop\Uni P14141535\Year Two\IMAT2902 - Introduction to Graphics and Interactive 3D Modelling\openglex-18\openglex-18\Debug\link.5628-rc.write.1.tlog
C:\Users\Jonathon\Desktop\Uni P14141535\Year Two\IMAT2902 - Introduction to Graphics and Interactive 3D Modelling\openglex-18\openglex-18\Debug\link.5628.read.1.tlog
C:\Users\Jonathon\Desktop\Uni P14141535\Year Two\IMAT2902 - Introduction to Graphics and Interactive 3D Modelling\openglex-18\openglex-18\Debug\link.5628.read.2.tlog
C:\Users\Jonathon\Desktop\Uni P14141535\Year Two\IMAT2902 - Introduction to Graphics and Interactive 3D Modelling\openglex-18\openglex-18\Debug\link.5628.write.1.tlog
C:\Users\Jonathon\Desktop\Uni P14141535\Year Two\IMAT2902 - Introduction to Graphics and Interactive 3D Modelling\openglex-18\openglex-18\Debug\link.5844-cvtres.read.1.tlog
C:\Users\Jonathon\Desktop\Uni P14141535\Year Two\IMAT2902 - Introduction to Graphics and Interactive 3D Modelling\openglex-18\openglex-18\Debug\link.5844-cvtres.write.1.tlog
C:\Users\Jonathon\Desktop\Uni P14141535\Year Two\IMAT2902 - Introduction to Graphics and Interactive 3D Modelling\openglex-18\openglex-18\Debug\link.5844-rc.read.1.tlog
C:\Users\Jonathon\Desktop\Uni P14141535\Year Two\IMAT2902 - Introduction to Graphics and Interactive 3D Modelling\openglex-18\openglex-18\Debug\link.5844-rc.write.1.tlog
C:\Users\Jonathon\Desktop\Uni P14141535\Year Two\IMAT2902 - Introduction to Graphics and Interactive 3D Modelling\openglex-18\openglex-18\Debug\link.5844.read.1.tlog
C:\Users\Jonathon\Desktop\Uni P14141535\Year Two\IMAT2902 - Introduction to Graphics and Interactive 3D Modelling\openglex-18\openglex-18\Debug\link.5844.read.3.tlog
C:\Users\Jonathon\Desktop\Uni P14141535\Year Two\IMAT2902 - Introduction to Graphics and Interactive 3D Modelling\openglex-18\openglex-18\Debug\link.5844.write.1.tlog
C:\Users\Jonathon\Desktop\Uni P14141535\Year Two\IMAT2902 - Introduction to Graphics and Interactive 3D Modelling\openglex-18\openglex-18\Debug\link.5948-cvtres.read.1.tlog
C:\Users\Jonathon\Desktop\Uni P14141535\Year Two\IMAT2902 - Introduction to Graphics and Interactive 3D Modelling\openglex-18\openglex-18\Debug\link.5948-cvtres.write.1.tlog
C:\Users\Jonathon\Desktop\Uni P14141535\Year Two\IMAT2902 - Introduction to Graphics and Interactive 3D Modelling\openglex-18\openglex-18\Debug\link.5948-rc.read.1.tlog
C:\Users\Jonathon\Desktop\Uni P14141535\Year Two\IMAT2902 - Introduction to Graphics and Interactive 3D Modelling\openglex-18\openglex-18\Debug\link.5948-rc.write.1.tlog
C:\Users\Jonathon\Desktop\Uni P14141535\Year Two\IMAT2902 - Introduction to Graphics and Interactive 3D Modelling\openglex-18\openglex-18\Debug\link.5948.read.1.tlog
C:\Users\Jonathon\Desktop\Uni P14141535\Year Two\IMAT2902 - Introduction to Graphics and Interactive 3D Modelling\openglex-18\openglex-18\Debug\link.5948.read.2.tlog
C:\Users\Jonathon\Desktop\Uni P14141535\Year Two\IMAT2902 - Introduction to Graphics and Interactive 3D Modelling\openglex-18\openglex-18\Debug\link.5948.write.1.tlog
C:\Users\Jonathon\Desktop\Uni P14141535\Year Two\IMAT2902 - Introduction to Graphics and Interactive 3D Modelling\openglex-18\openglex-18\Debug\link.6016-cvtres.read.1.tlog
C:\Users\Jonathon\Desktop\Uni P14141535\Year Two\IMAT2902 - Introduction to Graphics and Interactive 3D Modelling\openglex-18\openglex-18\Debug\link.6016-cvtres.write.1.tlog
C:\Users\Jonathon\Desktop\Uni P14141535\Year Two\IMAT2902 - Introduction to Graphics and Interactive 3D Modelling\openglex-18\openglex-18\Debug\link.6016-rc.read.1.tlog
C:\Users\Jonathon\Desktop\Uni P14141535\Year Two\IMAT2902 - Introduction to Graphics and Interactive 3D Modelling\openglex-18\openglex-18\Debug\link.6016-rc.write.1.tlog
C:\Users\Jonathon\Desktop\Uni P14141535\Year Two\IMAT2902 - Introduction to Graphics and Interactive 3D Modelling\openglex-18\openglex-18\Debug\link.6016.read.1.tlog
C:\Users\Jonathon\Desktop\Uni P14141535\Year Two\IMAT2902 - Introduction to Graphics and Interactive 3D Modelling\openglex-18\openglex-18\Debug\link.6016.read.2.tlog
C:\Users\Jonathon\Desktop\Uni P14141535\Year Two\IMAT2902 - Introduction to Graphics and Interactive 3D Modelling\openglex-18\openglex-18\Debug\link.6016.write.1.tlog
C:\Users\Jonathon\Desktop\Uni P14141535\Year Two\IMAT2902 - Introduction to Graphics and Interactive 3D Modelling\openglex-18\openglex-18\Debug\link.6204-cvtres.read.1.tlog
C:\Users\Jonathon\Desktop\Uni P14141535\Year Two\IMAT2902 - Introduction to Graphics and Interactive 3D Modelling\openglex-18\openglex-18\Debug\link.6204-cvtres.write.1.tlog
C:\Users\Jonathon\Desktop\Uni P14141535\Year Two\IMAT2902 - Introduction to Graphics and Interactive 3D Modelling\openglex-18\openglex-18\Debug\link.6204-rc.read.1.tlog
C:\Users\Jonathon\Desktop\Uni P14141535\Year Two\IMAT2902 - Introduction to Graphics and Interactive 3D Modelling\openglex-18\openglex-18\Debug\link.6204-rc.write.1.tlog
C:\Users\Jonathon\Desktop\Uni P14141535\Year Two\IMAT2902 - Introduction to Graphics and Interactive 3D Modelling\openglex-18\openglex-18\Debug\link.6204.read.1.tlog
C:\Users\Jonathon\Desktop\Uni P14141535\Year Two\IMAT2902 - Introduction to Graphics and Interactive 3D Modelling\openglex-18\openglex-18\Debug\link.6204.read.2.tlog
C:\Users\Jonathon\Desktop\Uni P14141535\Year Two\IMAT2902 - Introduction to Graphics and Interactive 3D Modelling\openglex-18\openglex-18\Debug\link.6204.write.1.tlog
C:\Users\Jonathon\Desktop\Uni P14141535\Year Two\IMAT2902 - Introduction to Graphics and Interactive 3D Modelling\openglex-18\openglex-18\Debug\link.6340-cvtres.read.1.tlog
C:\Users\Jonathon\Desktop\Uni P14141535\Year Two\IMAT2902 - Introduction to Graphics and Interactive 3D Modelling\openglex-18\openglex-18\Debug\link.6340-cvtres.write.1.tlog
C:\Users\Jonathon\Desktop\Uni P14141535\Year Two\IMAT2902 - Introduction to Graphics and Interactive 3D Modelling\openglex-18\openglex-18\Debug\link.6340-rc.read.1.tlog
C:\Users\Jonathon\Desktop\Uni P14141535\Year Two\IMAT2902 - Introduction to Graphics and Interactive 3D Modelling\openglex-18\openglex-18\Debug\link.6340-rc.write.1.tlog
C:\Users\Jonathon\Desktop\Uni P14141535\Year Two\IMAT2902 - Introduction to Graphics and Interactive 3D Modelling\openglex-18\openglex-18\Debug\link.6340.read.1.tlog
C:\Users\Jonathon\Desktop\Uni P14141535\Year Two\IMAT2902 - Introduction to Graphics and Interactive 3D Modelling\openglex-18\openglex-18\Debug\link.6340.read.3.tlog
C:\Users\Jonathon\Desktop\Uni P14141535\Year Two\IMAT2902 - Introduction to Graphics and Interactive 3D Modelling\openglex-18\openglex-18\Debug\link.6340.write.1.tlog
C:\Users\Jonathon\Desktop\Uni P14141535\Year Two\IMAT2902 - Introduction to Graphics and Interactive 3D Modelling\openglex-18\openglex-18\Debug\link.6372-cvtres.read.1.tlog
C:\Users\Jonathon\Desktop\Uni P14141535\Year Two\IMAT2902 - Introduction to Graphics and Interactive 3D Modelling\openglex-18\openglex-18\Debug\link.6372-cvtres.write.1.tlog
C:\Users\Jonathon\Desktop\Uni P14141535\Year Two\IMAT2902 - Introduction to Graphics and Interactive 3D Modelling\openglex-18\openglex-18\Debug\link.6372-rc.read.1.tlog
C:\Users\Jonathon\Desktop\Uni P14141535\Year Two\IMAT2902 - Introduction to Graphics and Interactive 3D Modelling\openglex-18\openglex-18\Debug\link.6372-rc.write.1.tlog
C:\Users\Jonathon\Desktop\Uni P14141535\Year Two\IMAT2902 - Introduction to Graphics and Interactive 3D Modelling\openglex-18\openglex-18\Debug\link.6372.read.1.tlog
C:\Users\Jonathon\Desktop\Uni P14141535\Year Two\IMAT2902 - Introduction to Graphics and Interactive 3D Modelling\openglex-18\openglex-18\Debug\link.6372.read.2.tlog
C:\Users\Jonathon\Desktop\Uni P14141535\Year Two\IMAT2902 - Introduction to Graphics and Interactive 3D Modelling\openglex-18\openglex-18\Debug\link.6372.write.1.tlog
C:\Users\Jonathon\Desktop\Uni P14141535\Year Two\IMAT2902 - Introduction to Graphics and Interactive 3D Modelling\openglex-18\openglex-18\Debug\link.6448-cvtres.read.1.tlog
C:\Users\Jonathon\Desktop\Uni P14141535\Year Two\IMAT2902 - Introduction to Graphics and Interactive 3D Modelling\openglex-18\openglex-18\Debug\link.6448-cvtres.write.1.tlog
C:\Users\Jonathon\Desktop\Uni P14141535\Year Two\IMAT2902 - Introduction to Graphics and Interactive 3D Modelling\openglex-18\openglex-18\Debug\link.6448-rc.read.1.tlog
C:\Users\Jonathon\Desktop\Uni P14141535\Year Two\IMAT2902 - Introduction to Graphics and Interactive 3D Modelling\openglex-18\openglex-18\Debug\link.6448-rc.write.1.tlog
C:\Users\Jonathon\Desktop\Uni P14141535\Year Two\IMAT2902 - Introduction to Graphics and Interactive 3D Modelling\openglex-18\openglex-18\Debug\link.6448.read.1.tlog
C:\Users\Jonathon\Desktop\Uni P14141535\Year Two\IMAT2902 - Introduction to Graphics and Interactive 3D Modelling\openglex-18\openglex-18\Debug\link.6448.read.2.tlog
C:\Users\Jonathon\Desktop\Uni P14141535\Year Two\IMAT2902 - Introduction to Graphics and Interactive 3D Modelling\openglex-18\openglex-18\Debug\link.6448.write.1.tlog
C:\Users\Jonathon\Desktop\Uni P14141535\Year Two\IMAT2902 - Introduction to Graphics and Interactive 3D Modelling\openglex-18\openglex-18\Debug\link.6656-cvtres.read.1.tlog
C:\Users\Jonathon\Desktop\Uni P14141535\Year Two\IMAT2902 - Introduction to Graphics and Interactive 3D Modelling\openglex-18\openglex-18\Debug\link.6656-cvtres.write.1.tlog
C:\Users\Jonathon\Desktop\Uni P14141535\Year Two\IMAT2902 - Introduction to Graphics and Interactive 3D Modelling\openglex-18\openglex-18\Debug\link.6656-rc.read.1.tlog
C:\Users\Jonathon\Desktop\Uni P14141535\Year Two\IMAT2902 - Introduction to Graphics and Interactive 3D Modelling\openglex-18\openglex-18\Debug\link.6656-rc.write.1.tlog
C:\Users\Jonathon\Desktop\Uni P14141535\Year Two\IMAT2902 - Introduction to Graphics and Interactive 3D Modelling\openglex-18\openglex-18\Debug\link.6656.read.1.tlog
C:\Users\Jonathon\Desktop\Uni P14141535\Year Two\IMAT2902 - Introduction to Graphics and Interactive 3D Modelling\openglex-18\openglex-18\Debug\link.6656.read.2.tlog
C:\Users\Jonathon\Desktop\Uni P14141535\Year Two\IMAT2902 - Introduction to Graphics and Interactive 3D Modelling\openglex-18\openglex-18\Debug\link.6656.write.1.tlog
C:\Users\Jonathon\Desktop\Uni P14141535\Year Two\IMAT2902 - Introduction to Graphics and Interactive 3D Modelling\openglex-18\openglex-18\Debug\link.6660-cvtres.read.1.tlog
C:\Users\Jonathon\Desktop\Uni P14141535\Year Two\IMAT2902 - Introduction to Graphics and Interactive 3D Modelling\openglex-18\openglex-18\Debug\link.6660-cvtres.write.1.tlog
C:\Users\Jonathon\Desktop\Uni P14141535\Year Two\IMAT2902 - Introduction to Graphics and Interactive 3D Modelling\openglex-18\openglex-18\Debug\link.6660-rc.read.1.tlog
C:\Users\Jonathon\Desktop\Uni P14141535\Year Two\IMAT2902 - Introduction to Graphics and Interactive 3D Modelling\openglex-18\openglex-18\Debug\link.6660-rc.write.1.tlog
C:\Users\Jonathon\Desktop\Uni P14141535\Year Two\IMAT2902 - Introduction to Graphics and Interactive 3D Modelling\openglex-18\openglex-18\Debug\link.6660.read.1.tlog
C:\Users\Jonathon\Desktop\Uni P14141535\Year Two\IMAT2902 - Introduction to Graphics and Interactive 3D Modelling\openglex-18\openglex-18\Debug\link.6660.read.2.tlog
C:\Users\Jonathon\Desktop\Uni P14141535\Year Two\IMAT2902 - Introduction to Graphics and Interactive 3D Modelling\openglex-18\openglex-18\Debug\link.6660.write.1.tlog
C:\Users\Jonathon\Desktop\Uni P14141535\Year Two\IMAT2902 - Introduction to Graphics and Interactive 3D Modelling\openglex-18\openglex-18\Debug\link.6664-cvtres.read.1.tlog
C:\Users\Jonathon\Desktop\Uni P14141535\Year Two\IMAT2902 - Introduction to Graphics and Interactive 3D Modelling\openglex-18\openglex-18\Debug\link.6664-cvtres.write.1.tlog
C:\Users\Jonathon\Desktop\Uni P14141535\Year Two\IMAT2902 - Introduction to Graphics and Interactive 3D Modelling\openglex-18\openglex-18\Debug\link.6664-rc.read.1.tlog
C:\Users\Jonathon\Desktop\Uni P14141535\Year Two\IMAT2902 - Introduction to Graphics and Interactive 3D Modelling\openglex-18\openglex-18\Debug\link.6664-rc.write.1.tlog
C:\Users\Jonathon\Desktop\Uni P14141535\Year Two\IMAT2902 - Introduction to Graphics and Interactive 3D Modelling\openglex-18\openglex-18\Debug\link.6664.read.1.tlog
C:\Users\Jonathon\Desktop\Uni P14141535\Year Two\IMAT2902 - Introduction to Graphics and Interactive 3D Modelling\openglex-18\openglex-18\Debug\link.6664.read.3.tlog
C:\Users\Jonathon\Desktop\Uni P14141535\Year Two\IMAT2902 - Introduction to Graphics and Interactive 3D Modelling\openglex-18\openglex-18\Debug\link.6664.write.1.tlog
C:\Users\Jonathon\Desktop\Uni P14141535\Year Two\IMAT2902 - Introduction to Graphics and Interactive 3D Modelling\openglex-18\openglex-18\Debug\link.6692-cvtres.read.1.tlog
C:\Users\Jonathon\Desktop\Uni P14141535\Year Two\IMAT2902 - Introduction to Graphics and Interactive 3D Modelling\openglex-18\openglex-18\Debug\link.6692-cvtres.write.1.tlog
C:\Users\Jonathon\Desktop\Uni P14141535\Year Two\IMAT2902 - Introduction to Graphics and Interactive 3D Modelling\openglex-18\openglex-18\Debug\link.6692-rc.read.1.tlog
C:\Users\Jonathon\Desktop\Uni P14141535\Year Two\IMAT2902 - Introduction to Graphics and Interactive 3D Modelling\openglex-18\openglex-18\Debug\link.6692-rc.write.1.tlog
C:\Users\Jonathon\Desktop\Uni P14141535\Year Two\IMAT2902 - Introduction to Graphics and Interactive 3D Modelling\openglex-18\openglex-18\Debug\link.6692.read.1.tlog
C:\Users\Jonathon\Desktop\Uni P14141535\Year Two\IMAT2902 - Introduction to Graphics and Interactive 3D Modelling\openglex-18\openglex-18\Debug\link.6692.read.3.tlog
C:\Users\Jonathon\Desktop\Uni P14141535\Year Two\IMAT2902 - Introduction to Graphics and Interactive 3D Modelling\openglex-18\openglex-18\Debug\link.6692.write.1.tlog
C:\Users\Jonathon\Desktop\Uni P14141535\Year Two\IMAT2902 - Introduction to Graphics and Interactive 3D Modelling\openglex-18\openglex-18\Debug\link.6728-cvtres.read.1.tlog
C:\Users\Jonathon\Desktop\Uni P14141535\Year Two\IMAT2902 - Introduction to Graphics and Interactive 3D Modelling\openglex-18\openglex-18\Debug\link.6728-cvtres.write.1.tlog
C:\Users\Jonathon\Desktop\Uni P14141535\Year Two\IMAT2902 - Introduction to Graphics and Interactive 3D Modelling\openglex-18\openglex-18\Debug\link.6728-rc.read.1.tlog
C:\Users\Jonathon\Desktop\Uni P14141535\Year Two\IMAT2902 - Introduction to Graphics and Interactive 3D Modelling\openglex-18\openglex-18\Debug\link.6728-rc.write.1.tlog
C:\Users\Jonathon\Desktop\Uni P14141535\Year Two\IMAT2902 - Introduction to Graphics and Interactive 3D Modelling\openglex-18\openglex-18\Debug\link.6728.read.1.tlog
C:\Users\Jonathon\Desktop\Uni P14141535\Year Two\IMAT2902 - Introduction to Graphics and Interactive 3D Modelling\openglex-18\openglex-18\Debug\link.6728.read.3.tlog
C:\Users\Jonathon\Desktop\Uni P14141535\Year Two\IMAT2902 - Introduction to Graphics and Interactive 3D Modelling\openglex-18\openglex-18\Debug\link.6728.write.1.tlog
C:\Users\Jonathon\Desktop\Uni P14141535\Year Two\IMAT2902 - Introduction to Graphics and Interactive 3D Modelling\openglex-18\openglex-18\Debug\link.6804-cvtres.read.1.tlog
C:\Users\Jonathon\Desktop\Uni P14141535\Year Two\IMAT2902 - Introduction to Graphics and Interactive 3D Modelling\openglex-18\openglex-18\Debug\link.6804-cvtres.write.1.tlog
C:\Users\Jonathon\Desktop\Uni P14141535\Year Two\IMAT2902 - Introduction to Graphics and Interactive 3D Modelling\openglex-18\openglex-18\Debug\link.6804-rc.read.1.tlog
C:\Users\Jonathon\Desktop\Uni P14141535\Year Two\IMAT2902 - Introduction to Graphics and Interactive 3D Modelling\openglex-18\openglex-18\Debug\link.6804-rc.write.1.tlog
C:\Users\Jonathon\Desktop\Uni P14141535\Year Two\IMAT2902 - Introduction to Graphics and Interactive 3D Modelling\openglex-18\openglex-18\Debug\link.6804.read.1.tlog
C:\Users\Jonathon\Desktop\Uni P14141535\Year Two\IMAT2902 - Introduction to Graphics and Interactive 3D Modelling\openglex-18\openglex-18\Debug\link.6804.read.2.tlog
C:\Users\Jonathon\Desktop\Uni P14141535\Year Two\IMAT2902 - Introduction to Graphics and Interactive 3D Modelling\openglex-18\openglex-18\Debug\link.6804.write.1.tlog
C:\Users\Jonathon\Desktop\Uni P14141535\Year Two\IMAT2902 - Introduction to Graphics and Interactive 3D Modelling\openglex-18\openglex-18\Debug\link.6964-cvtres.read.1.tlog
C:\Users\Jonathon\Desktop\Uni P14141535\Year Two\IMAT2902 - Introduction to Graphics and Interactive 3D Modelling\openglex-18\openglex-18\Debug\link.6964-cvtres.write.1.tlog
C:\Users\Jonathon\Desktop\Uni P14141535\Year Two\IMAT2902 - Introduction to Graphics and Interactive 3D Modelling\openglex-18\openglex-18\Debug\link.6964-rc.read.1.tlog
C:\Users\Jonathon\Desktop\Uni P14141535\Year Two\IMAT2902 - Introduction to Graphics and Interactive 3D Modelling\openglex-18\openglex-18\Debug\link.6964-rc.write.1.tlog
C:\Users\Jonathon\Desktop\Uni P14141535\Year Two\IMAT2902 - Introduction to Graphics and Interactive 3D Modelling\openglex-18\openglex-18\Debug\link.6964.read.1.tlog
C:\Users\Jonathon\Desktop\Uni P14141535\Year Two\IMAT2902 - Introduction to Graphics and Interactive 3D Modelling\openglex-18\openglex-18\Debug\link.6964.read.3.tlog
C:\Users\Jonathon\Desktop\Uni P14141535\Year Two\IMAT2902 - Introduction to Graphics and Interactive 3D Modelling\openglex-18\openglex-18\Debug\link.6964.write.1.tlog
C:\Users\Jonathon\Desktop\Uni P14141535\Year Two\IMAT2902 - Introduction to Graphics and Interactive 3D Modelling\openglex-18\openglex-18\Debug\link.7076-cvtres.read.1.tlog
C:\Users\Jonathon\Desktop\Uni P14141535\Year Two\IMAT2902 - Introduction to Graphics and Interactive 3D Modelling\openglex-18\openglex-18\Debug\link.7076-cvtres.write.1.tlog
C:\Users\Jonathon\Desktop\Uni P14141535\Year Two\IMAT2902 - Introduction to Graphics and Interactive 3D Modelling\openglex-18\openglex-18\Debug\link.7076-rc.read.1.tlog
C:\Users\Jonathon\Desktop\Uni P14141535\Year Two\IMAT2902 - Introduction to Graphics and Interactive 3D Modelling\openglex-18\openglex-18\Debug\link.7076-rc.write.1.tlog
C:\Users\Jonathon\Desktop\Uni P14141535\Year Two\IMAT2902 - Introduction to Graphics and Interactive 3D Modelling\openglex-18\openglex-18\Debug\link.7076.read.1.tlog
C:\Users\Jonathon\Desktop\Uni P14141535\Year Two\IMAT2902 - Introduction to Graphics and Interactive 3D Modelling\openglex-18\openglex-18\Debug\link.7076.read.2.tlog
C:\Users\Jonathon\Desktop\Uni P14141535\Year Two\IMAT2902 - Introduction to Graphics and Interactive 3D Modelling\openglex-18\openglex-18\Debug\link.7076.write.1.tlog
C:\Users\Jonathon\Desktop\Uni P14141535\Year Two\IMAT2902 - Introduction to Graphics and Interactive 3D Modelling\openglex-18\openglex-18\Debug\link.7112-cvtres.read.1.tlog
C:\Users\Jonathon\Desktop\Uni P14141535\Year Two\IMAT2902 - Introduction to Graphics and Interactive 3D Modelling\openglex-18\openglex-18\Debug\link.7112-cvtres.write.1.tlog
C:\Users\Jonathon\Desktop\Uni P14141535\Year Two\IMAT2902 - Introduction to Graphics and Interactive 3D Modelling\openglex-18\openglex-18\Debug\link.7112-rc.read.1.tlog
C:\Users\Jonathon\Desktop\Uni P14141535\Year Two\IMAT2902 - Introduction to Graphics and Interactive 3D Modelling\openglex-18\openglex-18\Debug\link.7112-rc.write.1.tlog
C:\Users\Jonathon\Desktop\Uni P14141535\Year Two\IMAT2902 - Introduction to Graphics and Interactive 3D Modelling\openglex-18\openglex-18\Debug\link.7112.read.1.tlog
C:\Users\Jonathon\Desktop\Uni P14141535\Year Two\IMAT2902 - Introduction to Graphics and Interactive 3D Modelling\openglex-18\openglex-18\Debug\link.7112.read.3.tlog
C:\Users\Jonathon\Desktop\Uni P14141535\Year Two\IMAT2902 - Introduction to Graphics and Interactive 3D Modelling\openglex-18\openglex-18\Debug\link.7112.write.1.tlog
C:\Users\Jonathon\Desktop\Uni P14141535\Year Two\IMAT2902 - Introduction to Graphics and Interactive 3D Modelling\openglex-18\openglex-18\Debug\link.7128-cvtres.read.1.tlog
C:\Users\Jonathon\Desktop\Uni P14141535\Year Two\IMAT2902 - Introduction to Graphics and Interactive 3D Modelling\openglex-18\openglex-18\Debug\link.7128-cvtres.write.1.tlog
C:\Users\Jonathon\Desktop\Uni P14141535\Year Two\IMAT2902 - Introduction to Graphics and Interactive 3D Modelling\openglex-18\openglex-18\Debug\link.7128-rc.read.1.tlog
C:\Users\Jonathon\Desktop\Uni P14141535\Year Two\IMAT2902 - Introduction to Graphics and Interactive 3D Modelling\openglex-18\openglex-18\Debug\link.7128-rc.write.1.tlog
C:\Users\Jonathon\Desktop\Uni P14141535\Year Two\IMAT2902 - Introduction to Graphics and Interactive 3D Modelling\openglex-18\openglex-18\Debug\link.7128.read.1.tlog
C:\Users\Jonathon\Desktop\Uni P14141535\Year Two\IMAT2902 - Introduction to Graphics and Interactive 3D Modelling\openglex-18\openglex-18\Debug\link.7128.read.2.tlog
C:\Users\Jonathon\Desktop\Uni P14141535\Year Two\IMAT2902 - Introduction to Graphics and Interactive 3D Modelling\openglex-18\openglex-18\Debug\link.7128.write.1.tlog
C:\Users\Jonathon\Desktop\Uni P14141535\Year Two\IMAT2902 - Introduction to Graphics and Interactive 3D Modelling\openglex-18\openglex-18\Debug\link.716-cvtres.read.1.tlog
C:\Users\Jonathon\Desktop\Uni P14141535\Year Two\IMAT2902 - Introduction to Graphics and Interactive 3D Modelling\openglex-18\openglex-18\Debug\link.716-cvtres.write.1.tlog
C:\Users\Jonathon\Desktop\Uni P14141535\Year Two\IMAT2902 - Introduction to Graphics and Interactive 3D Modelling\openglex-18\openglex-18\Debug\link.716-rc.read.1.tlog
C:\Users\Jonathon\Desktop\Uni P14141535\Year Two\IMAT2902 - Introduction to Graphics and Interactive 3D Modelling\openglex-18\openglex-18\Debug\link.716-rc.write.1.tlog
C:\Users\Jonathon\Desktop\Uni P14141535\Year Two\IMAT2902 - Introduction to Graphics and Interactive 3D Modelling\openglex-18\openglex-18\Debug\link.716.read.1.tlog
C:\Users\Jonathon\Desktop\Uni P14141535\Year Two\IMAT2902 - Introduction to Graphics and Interactive 3D Modelling\openglex-18\openglex-18\Debug\link.716.read.3.tlog
C:\Users\Jonathon\Desktop\Uni P14141535\Year Two\IMAT2902 - Introduction to Graphics and Interactive 3D Modelling\openglex-18\openglex-18\Debug\link.716.write.1.tlog
C:\Users\Jonathon\Desktop\Uni P14141535\Year Two\IMAT2902 - Introduction to Graphics and Interactive 3D Modelling\openglex-18\openglex-18\Debug\link.7616-cvtres.read.1.tlog
C:\Users\Jonathon\Desktop\Uni P14141535\Year Two\IMAT2902 - Introduction to Graphics and Interactive 3D Modelling\openglex-18\openglex-18\Debug\link.7616-cvtres.write.1.tlog
C:\Users\Jonathon\Desktop\Uni P14141535\Year Two\IMAT2902 - Introduction to Graphics and Interactive 3D Modelling\openglex-18\openglex-18\Debug\link.7616-rc.read.1.tlog
C:\Users\Jonathon\Desktop\Uni P14141535\Year Two\IMAT2902 - Introduction to Graphics and Interactive 3D Modelling\openglex-18\openglex-18\Debug\link.7616-rc.write.1.tlog
C:\Users\Jonathon\Desktop\Uni P14141535\Year Two\IMAT2902 - Introduction to Graphics and Interactive 3D Modelling\openglex-18\openglex-18\Debug\link.7616.read.1.tlog
C:\Users\Jonathon\Desktop\Uni P14141535\Year Two\IMAT2902 - Introduction to Graphics and Interactive 3D Modelling\openglex-18\openglex-18\Debug\link.7616.read.2.tlog
C:\Users\Jonathon\Desktop\Uni P14141535\Year Two\IMAT2902 - Introduction to Graphics and Interactive 3D Modelling\openglex-18\openglex-18\Debug\link.7616.write.1.tlog
C:\Users\Jonathon\Desktop\Uni P14141535\Year Two\IMAT2902 - Introduction to Graphics and Interactive 3D Modelling\openglex-18\openglex-18\Debug\link.7956-cvtres.read.1.tlog
C:\Users\Jonathon\Desktop\Uni P14141535\Year Two\IMAT2902 - Introduction to Graphics and Interactive 3D Modelling\openglex-18\openglex-18\Debug\link.7956-cvtres.write.1.tlog
C:\Users\Jonathon\Desktop\Uni P14141535\Year Two\IMAT2902 - Introduction to Graphics and Interactive 3D Modelling\openglex-18\openglex-18\Debug\link.7956-rc.read.1.tlog
C:\Users\Jonathon\Desktop\Uni P14141535\Year Two\IMAT2902 - Introduction to Graphics and Interactive 3D Modelling\openglex-18\openglex-18\Debug\link.7956-rc.write.1.tlog
C:\Users\Jonathon\Desktop\Uni P14141535\Year Two\IMAT2902 - Introduction to Graphics and Interactive 3D Modelling\openglex-18\openglex-18\Debug\link.7956.read.1.tlog
C:\Users\Jonathon\Desktop\Uni P14141535\Year Two\IMAT2902 - Introduction to Graphics and Interactive 3D Modelling\openglex-18\openglex-18\Debug\link.7956.read.2.tlog
C:\Users\Jonathon\Desktop\Uni P14141535\Year Two\IMAT2902 - Introduction to Graphics and Interactive 3D Modelling\openglex-18\openglex-18\Debug\link.7956.write.1.tlog
C:\Users\Jonathon\Desktop\Uni P14141535\Year Two\IMAT2902 - Introduction to Graphics and Interactive 3D Modelling\openglex-18\openglex-18\Debug\link.8080-cvtres.read.1.tlog
C:\Users\Jonathon\Desktop\Uni P14141535\Year Two\IMAT2902 - Introduction to Graphics and Interactive 3D Modelling\openglex-18\openglex-18\Debug\link.8080-cvtres.write.1.tlog
C:\Users\Jonathon\Desktop\Uni P14141535\Year Two\IMAT2902 - Introduction to Graphics and Interactive 3D Modelling\openglex-18\openglex-18\Debug\link.8080-rc.read.1.tlog
C:\Users\Jonathon\Desktop\Uni P14141535\Year Two\IMAT2902 - Introduction to Graphics and Interactive 3D Modelling\openglex-18\openglex-18\Debug\link.8080-rc.write.1.tlog
C:\Users\Jonathon\Desktop\Uni P14141535\Year Two\IMAT2902 - Introduction to Graphics and Interactive 3D Modelling\openglex-18\openglex-18\Debug\link.8080.read.1.tlog
C:\Users\Jonathon\Desktop\Uni P14141535\Year Two\IMAT2902 - Introduction to Graphics and Interactive 3D Modelling\openglex-18\openglex-18\Debug\link.8080.read.3.tlog
C:\Users\Jonathon\Desktop\Uni P14141535\Year Two\IMAT2902 - Introduction to Graphics and Interactive 3D Modelling\openglex-18\openglex-18\Debug\link.8080.write.1.tlog
C:\Users\Jonathon\Desktop\Uni P14141535\Year Two\IMAT2902 - Introduction to Graphics and Interactive 3D Modelling\openglex-18\openglex-18\Debug\link.8160-cvtres.read.1.tlog
C:\Users\Jonathon\Desktop\Uni P14141535\Year Two\IMAT2902 - Introduction to Graphics and Interactive 3D Modelling\openglex-18\openglex-18\Debug\link.8160-cvtres.write.1.tlog
C:\Users\Jonathon\Desktop\Uni P14141535\Year Two\IMAT2902 - Introduction to Graphics and Interactive 3D Modelling\openglex-18\openglex-18\Debug\link.8160-rc.read.1.tlog
C:\Users\Jonathon\Desktop\Uni P14141535\Year Two\IMAT2902 - Introduction to Graphics and Interactive 3D Modelling\openglex-18\openglex-18\Debug\link.8160-rc.write.1.tlog
C:\Users\Jonathon\Desktop\Uni P14141535\Year Two\IMAT2902 - Introduction to Graphics and Interactive 3D Modelling\openglex-18\openglex-18\Debug\link.8160.read.1.tlog
C:\Users\Jonathon\Desktop\Uni P14141535\Year Two\IMAT2902 - Introduction to Graphics and Interactive 3D Modelling\openglex-18\openglex-18\Debug\link.8160.read.2.tlog
C:\Users\Jonathon\Desktop\Uni P14141535\Year Two\IMAT2902 - Introduction to Graphics and Interactive 3D Modelling\openglex-18\openglex-18\Debug\link.8160.write.1.tlog
C:\Users\Jonathon\Desktop\Uni P14141535\Year Two\IMAT2902 - Introduction to Graphics and Interactive 3D Modelling\openglex-18\openglex-18\Debug\link.8224-cvtres.read.1.tlog
C:\Users\Jonathon\Desktop\Uni P14141535\Year Two\IMAT2902 - Introduction to Graphics and Interactive 3D Modelling\openglex-18\openglex-18\Debug\link.8224-cvtres.write.1.tlog
C:\Users\Jonathon\Desktop\Uni P14141535\Year Two\IMAT2902 - Introduction to Graphics and Interactive 3D Modelling\openglex-18\openglex-18\Debug\link.8224-rc.read.1.tlog
C:\Users\Jonathon\Desktop\Uni P14141535\Year Two\IMAT2902 - Introduction to Graphics and Interactive 3D Modelling\openglex-18\openglex-18\Debug\link.8224-rc.write.1.tlog
C:\Users\Jonathon\Desktop\Uni P14141535\Year Two\IMAT2902 - Introduction to Graphics and Interactive 3D Modelling\openglex-18\openglex-18\Debug\link.8224.read.1.tlog
C:\Users\Jonathon\Desktop\Uni P14141535\Year Two\IMAT2902 - Introduction to Graphics and Interactive 3D Modelling\openglex-18\openglex-18\Debug\link.8224.read.2.tlog
C:\Users\Jonathon\Desktop\Uni P14141535\Year Two\IMAT2902 - Introduction to Graphics and Interactive 3D Modelling\openglex-18\openglex-18\Debug\link.8224.write.1.tlog
C:\Users\Jonathon\Desktop\Uni P14141535\Year Two\IMAT2902 - Introduction to Graphics and Interactive 3D Modelling\openglex-18\openglex-18\Debug\link.8284-cvtres.read.1.tlog
C:\Users\Jonathon\Desktop\Uni P14141535\Year Two\IMAT2902 - Introduction to Graphics and Interactive 3D Modelling\openglex-18\openglex-18\Debug\link.8284-cvtres.write.1.tlog
C:\Users\Jonathon\Desktop\Uni P14141535\Year Two\IMAT2902 - Introduction to Graphics and Interactive 3D Modelling\openglex-18\openglex-18\Debug\link.8284-rc.read.1.tlog
C:\Users\Jonathon\Desktop\Uni P14141535\Year Two\IMAT2902 - Introduction to Graphics and Interactive 3D Modelling\openglex-18\openglex-18\Debug\link.8284-rc.write.1.tlog
C:\Users\Jonathon\Desktop\Uni P14141535\Year Two\IMAT2902 - Introduction to Graphics and Interactive 3D Modelling\openglex-18\openglex-18\Debug\link.8284.read.1.tlog
C:\Users\Jonathon\Desktop\Uni P14141535\Year Two\IMAT2902 - Introduction to Graphics and Interactive 3D Modelling\openglex-18\openglex-18\Debug\link.8284.read.2.tlog
C:\Users\Jonathon\Desktop\Uni P14141535\Year Two\IMAT2902 - Introduction to Graphics and Interactive 3D Modelling\openglex-18\openglex-18\Debug\link.8284.write.1.tlog
C:\Users\Jonathon\Desktop\Uni P14141535\Year Two\IMAT2902 - Introduction to Graphics and Interactive 3D Modelling\openglex-18\openglex-18\Debug\link.8524-cvtres.read.1.tlog
C:\Users\Jonathon\Desktop\Uni P14141535\Year Two\IMAT2902 - Introduction to Graphics and Interactive 3D Modelling\openglex-18\openglex-18\Debug\link.8524-cvtres.write.1.tlog
C:\Users\Jonathon\Desktop\Uni P14141535\Year Two\IMAT2902 - Introduction to Graphics and Interactive 3D Modelling\openglex-18\openglex-18\Debug\link.8524-rc.read.1.tlog
C:\Users\Jonathon\Desktop\Uni P14141535\Year Two\IMAT2902 - Introduction to Graphics and Interactive 3D Modelling\openglex-18\openglex-18\Debug\link.8524-rc.write.1.tlog
C:\Users\Jonathon\Desktop\Uni P14141535\Year Two\IMAT2902 - Introduction to Graphics and Interactive 3D Modelling\openglex-18\openglex-18\Debug\link.8524.read.1.tlog
C:\Users\Jonathon\Desktop\Uni P14141535\Year Two\IMAT2902 - Introduction to Graphics and Interactive 3D Modelling\openglex-18\openglex-18\Debug\link.8524.read.2.tlog
C:\Users\Jonathon\Desktop\Uni P14141535\Year Two\IMAT2902 - Introduction to Graphics and Interactive 3D Modelling\openglex-18\openglex-18\Debug\link.8524.write.1.tlog
C:\Users\Jonathon\Desktop\Uni P14141535\Year Two\IMAT2902 - Introduction to Graphics and Interactive 3D Modelling\openglex-18\openglex-18\Debug\link.8568-cvtres.read.1.tlog
C:\Users\Jonathon\Desktop\Uni P14141535\Year Two\IMAT2902 - Introduction to Graphics and Interactive 3D Modelling\openglex-18\openglex-18\Debug\link.8568-cvtres.write.1.tlog
C:\Users\Jonathon\Desktop\Uni P14141535\Year Two\IMAT2902 - Introduction to Graphics and Interactive 3D Modelling\openglex-18\openglex-18\Debug\link.8568-rc.read.1.tlog
C:\Users\Jonathon\Desktop\Uni P14141535\Year Two\IMAT2902 - Introduction to Graphics and Interactive 3D Modelling\openglex-18\openglex-18\Debug\link.8568-rc.write.1.tlog
C:\Users\Jonathon\Desktop\Uni P14141535\Year Two\IMAT2902 - Introduction to Graphics and Interactive 3D Modelling\openglex-18\openglex-18\Debug\link.8568.read.1.tlog
C:\Users\Jonathon\Desktop\Uni P14141535\Year Two\IMAT2902 - Introduction to Graphics and Interactive 3D Modelling\openglex-18\openglex-18\Debug\link.8568.read.2.tlog
C:\Users\Jonathon\Desktop\Uni P14141535\Year Two\IMAT2902 - Introduction to Graphics and Interactive 3D Modelling\openglex-18\openglex-18\Debug\link.8568.write.1.tlog
C:\Users\Jonathon\Desktop\Uni P14141535\Year Two\IMAT2902 - Introduction to Graphics and Interactive 3D Modelling\openglex-18\openglex-18\Debug\link.8648-cvtres.read.1.tlog
C:\Users\Jonathon\Desktop\Uni P14141535\Year Two\IMAT2902 - Introduction to Graphics and Interactive 3D Modelling\openglex-18\openglex-18\Debug\link.8648-cvtres.write.1.tlog
C:\Users\Jonathon\Desktop\Uni P14141535\Year Two\IMAT2902 - Introduction to Graphics and Interactive 3D Modelling\openglex-18\openglex-18\Debug\link.8648-rc.read.1.tlog
C:\Users\Jonathon\Desktop\Uni P14141535\Year Two\IMAT2902 - Introduction to Graphics and Interactive 3D Modelling\openglex-18\openglex-18\Debug\link.8648-rc.write.1.tlog
C:\Users\Jonathon\Desktop\Uni P14141535\Year Two\IMAT2902 - Introduction to Graphics and Interactive 3D Modelling\openglex-18\openglex-18\Debug\link.8648.read.1.tlog
C:\Users\Jonathon\Desktop\Uni P14141535\Year Two\IMAT2902 - Introduction to Graphics and Interactive 3D Modelling\openglex-18\openglex-18\Debug\link.8648.read.2.tlog
C:\Users\Jonathon\Desktop\Uni P14141535\Year Two\IMAT2902 - Introduction to Graphics and Interactive 3D Modelling\openglex-18\openglex-18\Debug\link.8648.write.1.tlog
C:\Users\Jonathon\Desktop\Uni P14141535\Year Two\IMAT2902 - Introduction to Graphics and Interactive 3D Modelling\openglex-18\openglex-18\Debug\link.916-cvtres.read.1.tlog
C:\Users\Jonathon\Desktop\Uni P14141535\Year Two\IMAT2902 - Introduction to Graphics and Interactive 3D Modelling\openglex-18\openglex-18\Debug\link.916-cvtres.write.1.tlog
C:\Users\Jonathon\Desktop\Uni P14141535\Year Two\IMAT2902 - Introduction to Graphics and Interactive 3D Modelling\openglex-18\openglex-18\Debug\link.916-rc.read.1.tlog
C:\Users\Jonathon\Desktop\Uni P14141535\Year Two\IMAT2902 - Introduction to Graphics and Interactive 3D Modelling\openglex-18\openglex-18\Debug\link.916-rc.write.1.tlog
C:\Users\Jonathon\Desktop\Uni P14141535\Year Two\IMAT2902 - Introduction to Graphics and Interactive 3D Modelling\openglex-18\openglex-18\Debug\link.916.read.1.tlog
C:\Users\Jonathon\Desktop\Uni P14141535\Year Two\IMAT2902 - Introduction to Graphics and Interactive 3D Modelling\openglex-18\openglex-18\Debug\link.916.read.3.tlog
C:\Users\Jonathon\Desktop\Uni P14141535\Year Two\IMAT2902 - Introduction to Graphics and Interactive 3D Modelling\openglex-18\openglex-18\Debug\link.916.write.1.tlog
C:\Users\Jonathon\Desktop\Uni P14141535\Year Two\IMAT2902 - Introduction to Graphics and Interactive 3D Modelling\openglex-18\openglex-18\Debug\link.9256-cvtres.read.1.tlog
C:\Users\Jonathon\Desktop\Uni P14141535\Year Two\IMAT2902 - Introduction to Graphics and Interactive 3D Modelling\openglex-18\openglex-18\Debug\link.9256-cvtres.write.1.tlog
C:\Users\Jonathon\Desktop\Uni P14141535\Year Two\IMAT2902 - Introduction to Graphics and Interactive 3D Modelling\openglex-18\openglex-18\Debug\link.9256-rc.read.1.tlog
C:\Users\Jonathon\Desktop\Uni P14141535\Year Two\IMAT2902 - Introduction to Graphics and Interactive 3D Modelling\openglex-18\openglex-18\Debug\link.9256-rc.write.1.tlog
C:\Users\Jonathon\Desktop\Uni P14141535\Year Two\IMAT2902 - Introduction to Graphics and Interactive 3D Modelling\openglex-18\openglex-18\Debug\link.9256.read.1.tlog
C:\Users\Jonathon\Desktop\Uni P14141535\Year Two\IMAT2902 - Introduction to Graphics and Interactive 3D Modelling\openglex-18\openglex-18\Debug\link.9256.read.2.tlog
C:\Users\Jonathon\Desktop\Uni P14141535\Year Two\IMAT2902 - Introduction to Graphics and Interactive 3D Modelling\openglex-18\openglex-18\Debug\link.9256.write.1.tlog
C:\Users\Jonathon\Desktop\Uni P14141535\Year Two\IMAT2902 - Introduction to Graphics and Interactive 3D Modelling\openglex-18\openglex-18\Debug\link.9328-cvtres.read.1.tlog
C:\Users\Jonathon\Desktop\Uni P14141535\Year Two\IMAT2902 - Introduction to Graphics and Interactive 3D Modelling\openglex-18\openglex-18\Debug\link.9328-cvtres.write.1.tlog
C:\Users\Jonathon\Desktop\Uni P14141535\Year Two\IMAT2902 - Introduction to Graphics and Interactive 3D Modelling\openglex-18\openglex-18\Debug\link.9328-rc.read.1.tlog
C:\Users\Jonathon\Desktop\Uni P14141535\Year Two\IMAT2902 - Introduction to Graphics and Interactive 3D Modelling\openglex-18\openglex-18\Debug\link.9328-rc.write.1.tlog
C:\Users\Jonathon\Desktop\Uni P14141535\Year Two\IMAT2902 - Introduction to Graphics and Interactive 3D Modelling\openglex-18\openglex-18\Debug\link.9328.read.1.tlog
C:\Users\Jonathon\Desktop\Uni P14141535\Year Two\IMAT2902 - Introduction to Graphics and Interactive 3D Modelling\openglex-18\openglex-18\Debug\link.9328.read.2.tlog
C:\Users\Jonathon\Desktop\Uni P14141535\Year Two\IMAT2902 - Introduction to Graphics and Interactive 3D Modelling\openglex-18\openglex-18\Debug\link.9328.write.1.tlog
C:\Users\Jonathon\Desktop\Uni P14141535\Year Two\IMAT2902 - Introduction to Graphics and Interactive 3D Modelling\openglex-18\openglex-18\Debug\link.9408-cvtres.read.1.tlog
C:\Users\Jonathon\Desktop\Uni P14141535\Year Two\IMAT2902 - Introduction to Graphics and Interactive 3D Modelling\openglex-18\openglex-18\Debug\link.9408-cvtres.write.1.tlog
C:\Users\Jonathon\Desktop\Uni P14141535\Year Two\IMAT2902 - Introduction to Graphics and Interactive 3D Modelling\openglex-18\openglex-18\Debug\link.9408-rc.read.1.tlog
C:\Users\Jonathon\Desktop\Uni P14141535\Year Two\IMAT2902 - Introduction to Graphics and Interactive 3D Modelling\openglex-18\openglex-18\Debug\link.9408-rc.write.1.tlog
C:\Users\Jonathon\Desktop\Uni P14141535\Year Two\IMAT2902 - Introduction to Graphics and Interactive 3D Modelling\openglex-18\openglex-18\Debug\link.9408.read.1.tlog
C:\Users\Jonathon\Desktop\Uni P14141535\Year Two\IMAT2902 - Introduction to Graphics and Interactive 3D Modelling\openglex-18\openglex-18\Debug\link.9408.read.2.tlog
C:\Users\Jonathon\Desktop\Uni P14141535\Year Two\IMAT2902 - Introduction to Graphics and Interactive 3D Modelling\openglex-18\openglex-18\Debug\link.9408.write.1.tlog
C:\Users\Jonathon\Desktop\Uni P14141535\Year Two\IMAT2902 - Introduction to Graphics and Interactive 3D Modelling\openglex-18\openglex-18\Debug\link.9596-cvtres.read.1.tlog
C:\Users\Jonathon\Desktop\Uni P14141535\Year Two\IMAT2902 - Introduction to Graphics and Interactive 3D Modelling\openglex-18\openglex-18\Debug\link.9596-cvtres.write.1.tlog
C:\Users\Jonathon\Desktop\Uni P14141535\Year Two\IMAT2902 - Introduction to Graphics and Interactive 3D Modelling\openglex-18\openglex-18\Debug\link.9596-rc.read.1.tlog
C:\Users\Jonathon\Desktop\Uni P14141535\Year Two\IMAT2902 - Introduction to Graphics and Interactive 3D Modelling\openglex-18\openglex-18\Debug\link.9596-rc.write.1.tlog
C:\Users\Jonathon\Desktop\Uni P14141535\Year Two\IMAT2902 - Introduction to Graphics and Interactive 3D Modelling\openglex-18\openglex-18\Debug\link.9596.read.1.tlog
C:\Users\Jonathon\Desktop\Uni P14141535\Year Two\IMAT2902 - Introduction to Graphics and Interactive 3D Modelling\openglex-18\openglex-18\Debug\link.9596.read.2.tlog
C:\Users\Jonathon\Desktop\Uni P14141535\Year Two\IMAT2902 - Introduction to Graphics and Interactive 3D Modelling\openglex-18\openglex-18\Debug\link.9596.write.1.tlog
C:\Users\Jonathon\Desktop\Uni P14141535\Year Two\IMAT2902 - Introduction to Graphics and Interactive 3D Modelling\openglex-18\openglex-18\Debug\link.9828-cvtres.read.1.tlog
C:\Users\Jonathon\Desktop\Uni P14141535\Year Two\IMAT2902 - Introduction to Graphics and Interactive 3D Modelling\openglex-18\openglex-18\Debug\link.9828-cvtres.write.1.tlog
C:\Users\Jonathon\Desktop\Uni P14141535\Year Two\IMAT2902 - Introduction to Graphics and Interactive 3D Modelling\openglex-18\openglex-18\Debug\link.9828-rc.read.1.tlog
C:\Users\Jonathon\Desktop\Uni P14141535\Year Two\IMAT2902 - Introduction to Graphics and Interactive 3D Modelling\openglex-18\openglex-18\Debug\link.9828-rc.write.1.tlog
C:\Users\Jonathon\Desktop\Uni P14141535\Year Two\IMAT2902 - Introduction to Graphics and Interactive 3D Modelling\openglex-18\openglex-18\Debug\link.9828.read.1.tlog
C:\Users\Jonathon\Desktop\Uni P14141535\Year Two\IMAT2902 - Introduction to Graphics and Interactive 3D Modelling\openglex-18\openglex-18\Debug\link.9828.read.2.tlog
C:\Users\Jonathon\Desktop\Uni P14141535\Year Two\IMAT2902 - Introduction to Graphics and Interactive 3D Modelling\openglex-18\openglex-18\Debug\link.9828.write.1.tlog
C:\Users\Jonathon\Desktop\Uni P14141535\Year Two\IMAT2902 - Introduction to Graphics and Interactive 3D Modelling\openglex-18\openglex-18\Debug\link.9964-cvtres.read.1.tlog
C:\Users\Jonathon\Desktop\Uni P14141535\Year Two\IMAT2902 - Introduction to Graphics and Interactive 3D Modelling\openglex-18\openglex-18\Debug\link.9964-cvtres.write.1.tlog
C:\Users\Jonathon\Desktop\Uni P14141535\Year Two\IMAT2902 - Introduction to Graphics and Interactive 3D Modelling\openglex-18\openglex-18\Debug\link.9964-rc.read.1.tlog
C:\Users\Jonathon\Desktop\Uni P14141535\Year Two\IMAT2902 - Introduction to Graphics and Interactive 3D Modelling\openglex-18\openglex-18\Debug\link.9964-rc.write.1.tlog
C:\Users\Jonathon\Desktop\Uni P14141535\Year Two\IMAT2902 - Introduction to Graphics and Interactive 3D Modelling\openglex-18\openglex-18\Debug\link.9964.read.1.tlog
C:\Users\Jonathon\Desktop\Uni P14141535\Year Two\IMAT2902 - Introduction to Graphics and Interactive 3D Modelling\openglex-18\openglex-18\Debug\link.9964.read.2.tlog
C:\Users\Jonathon\Desktop\Uni P14141535\Year Two\IMAT2902 - Introduction to Graphics and Interactive 3D Modelling\openglex-18\openglex-18\Debug\link.9964.write.1.tlog
C:\Users\Jonathon\Desktop\Uni P14141535\Year Two\IMAT2902 - Introduction to Graphics and Interactive 3D Modelling\openglex-18\openglex-18\Debug\link.command.1.tlog
C:\Users\Jonathon\Desktop\Uni P14141535\Year Two\IMAT2902 - Introduction to Graphics and Interactive 3D Modelling\openglex-18\openglex-18\Debug\link.read.1.tlog
C:\Users\Jonathon\Desktop\Uni P14141535\Year Two\IMAT2902 - Introduction to Graphics and Interactive 3D Modelling\openglex-18\openglex-18\Debug\link.read.2.tlog
C:\Users\Jonathon\Desktop\Uni P14141535\Year Two\IMAT2902 - Introduction to Graphics and Interactive 3D Modelling\openglex-18\openglex-18\Debug\link.read.3.tlog
C:\Users\Jonathon\Desktop\Uni P14141535\Year Two\IMAT2902 - Introduction to Graphics and Interactive 3D Modelling\openglex-18\openglex-18\Debug\link.write.1.tlog
C:\Users\Jonathon\Desktop\Uni P14141535\Year Two\IMAT2902 - Introduction to Graphics and Interactive 3D Modelling\openglex-18\openglex-18\Debug\openglex-18.pch
C:\Users\Jonathon\Desktop\Uni P14141535\Year Two\IMAT2902 - Introduction to Graphics and Interactive 3D Modelling\openglex-18\openglex-18\Debug\vc110.idb
C:\Users\Jonathon\Desktop\Uni P14141535\Year Two\IMAT2902 - Introduction to Graphics and Interactive 3D Modelling\openglex-18\openglex-18\Debug\vc110.pdb
C:\Users\Jonathon\Desktop\Uni P14141535\Year Two\IMAT2902 - Introduction to Graphics and Interactive 3D Modelling\openglex-18\Debug\openglex-18.pdb
C:\Users\Jonathon\Desktop\Uni P14141535\Year Two\IMAT2902 - Introduction to Graphics and Interactive 3D Modelling\openglex-18\Debug\openglex-18.exe
C:\Users\Jonathon\Desktop\Uni P14141535\Year Two\IMAT2902 - Introduction to Graphics and Interactive 3D Modelling\openglex-18\Debug\openglex-18.ilk
